This is XeTeX, Version 3.14159265-2.6-0.99991 (TeX Live 2014/W32TeX) (preloaded format=xelatex 2015.4.30)  25 MAR 2019 00:56
entering extended mode
 restricted \write18 enabled.
 %&-line parsing enabled.
**advcal.tex
(./advcal.tex
LaTeX2e <2014/05/01>
Babel <3.9l> and hyphenation patterns for 79 languages loaded.
(c:/Program Files (x86)/texlive/2014/texmf-dist/tex/latex/exam/exam.cls
Document Class: exam 2011/05/22 Version 2.4 by Philip Hirschhorn
(c:/Program Files (x86)/texlive/2014/texmf-dist/tex/latex/base/ifthen.sty
Package: ifthen 2014/09/29 v1.1c Standard LaTeX ifthen package (DPC)
)
(c:/Program Files (x86)/texlive/2014/texmf-dist/tex/latex/base/article.cls
Document Class: article 2014/09/29 v1.4h Standard LaTeX document class
(c:/Program Files (x86)/texlive/2014/texmf-dist/tex/latex/base/size11.clo
File: size11.clo 2014/09/29 v1.4h Standard LaTeX file (size option)
)
\c@part=\count80
\c@section=\count81
\c@subsection=\count82
\c@subsubsection=\count83
\c@paragraph=\count84
\c@subparagraph=\count85
\c@figure=\count86
\c@table=\count87
\abovecaptionskip=\skip41
\belowcaptionskip=\skip42
\bibindent=\dimen102
)
\@extrawidth=\skip43
\@rightmargin=\skip44
\@extrahead=\skip45
\@extrafoot=\skip46
\run@exhd=\skip47
\fp@exhd=\skip48
\run@exft=\skip49
\fp@exft=\skip50
\covrun@exhd=\skip51
\covfp@exhd=\skip52
\covrun@exft=\skip53
\covfp@exft=\skip54
\c@num@coverpages=\count88
\c@latest@ques=\count89
\c@ques@end=\count90
\c@last@object=\count91
\c@incmp@ques=\count92
\c@next@ques=\count93
\c@nextq@page=\count94
\c@tmp@hlfcntr=\count95
\c@ifpos@cntr=\count96
\c@question=\count97
\c@partno=\count98
\c@subpart=\count99
\c@subsubpart=\count100
\c@choice=\count101
\c@numpoints=\count102
\c@numbonuspoints=\count103
\c@pointsof@thisquestion=\count104
\c@bonuspointsof@thisquestion=\count105
\c@numquestions=\count106
\c@numparts=\count107
\c@numsubparts=\count108
\c@numsubsubparts=\count109
\c@Curr@Page=\count110
\c@@pagepoints=\count111
\c@@pagebonuspoints=\count112
\c@pageof@pagepoints=\count113
\c@pageof@pagebonuspoints=\count114
\c@latest@points=\count115
\c@latest@bonuspoints=\count116
\pageinfo@commands=\toks14
\temp@toks=\toks15
\pagepoint@commands=\toks16
\point@toks=\toks17
\c@ques@object=\count117
\marginpointssep=\skip55
\rightpointsmargin=\skip56
\choice@toks=\toks18
\answerlinelength=\skip57
\answerskip=\skip58
\answerclearance=\skip59
\linefillheight=\skip60
\linefillthickness=\skip61
\dottedlinefillheight=\skip62
\minboxheight=\skip63
\c@@iterator=\count118
\@cellwidth=\skip64
\c@tbl@points=\count119
\c@tbl@bonuspoints=\count120
\c@num@cols=\count121
\saved@totalleftmargin=\dimen103
\@sollistdepth=\count122
\FrameRule=\dimen104
\FrameSep=\dimen105
)
(../ikany.sty

LaTeX Warning: You have requested package `../ikany',
               but the package provides `ikany'.

Package: ikany 2018/10/29 ikany

(c:/Program Files (x86)/texlive/2014/texmf-dist/tex/latex/amsfonts/amsfonts.sty
Package: amsfonts 2013/01/14 v3.01 Basic AMSFonts support
\@emptytoks=\toks19
\symAMSa=\mathgroup4
\symAMSb=\mathgroup5
LaTeX Font Info:    Overwriting math alphabet `\mathfrak' in version `bold'
(Font)                  U/euf/m/n --> U/euf/b/n on input line 106.
) (c:/Program Files (x86)/texlive/2014/texmf-dist/tex/latex/amsmath/amsmath.sty
Package: amsmath 2013/01/14 v2.14 AMS math features
\@mathmargin=\skip65
For additional information on amsmath, use the `?' option.
(c:/Program Files (x86)/texlive/2014/texmf-dist/tex/latex/amsmath/amstext.sty
Package: amstext 2000/06/29 v2.01

(c:/Program Files (x86)/texlive/2014/texmf-dist/tex/latex/amsmath/amsgen.sty
File: amsgen.sty 1999/11/30 v2.0
\@emptytoks=\toks20
\ex@=\dimen106
))
(c:/Program Files (x86)/texlive/2014/texmf-dist/tex/latex/amsmath/amsbsy.sty
Package: amsbsy 1999/11/29 v1.2d
\pmbraise@=\dimen107
)
(c:/Program Files (x86)/texlive/2014/texmf-dist/tex/latex/amsmath/amsopn.sty
Package: amsopn 1999/12/14 v2.01 operator names
)
\inf@bad=\count123
LaTeX Info: Redefining \frac on input line 210.
\uproot@=\count124
\leftroot@=\count125
LaTeX Info: Redefining \overline on input line 306.
\classnum@=\count126
\DOTSCASE@=\count127
LaTeX Info: Redefining \ldots on input line 378.
LaTeX Info: Redefining \dots on input line 381.
LaTeX Info: Redefining \cdots on input line 466.
\Mathstrutbox@=\box26
\strutbox@=\box27
\big@size=\dimen108
LaTeX Font Info:    Redeclaring font encoding OML on input line 566.
LaTeX Font Info:    Redeclaring font encoding OMS on input line 567.
\macc@depth=\count128
\c@MaxMatrixCols=\count129
\dotsspace@=\muskip10
\c@parentequation=\count130
\dspbrk@lvl=\count131
\tag@help=\toks21
\row@=\count132
\column@=\count133
\maxfields@=\count134
\andhelp@=\toks22
\eqnshift@=\dimen109
\alignsep@=\dimen110
\tagshift@=\dimen111
\tagwidth@=\dimen112
\totwidth@=\dimen113
\lineht@=\dimen114
\@envbody=\toks23
\multlinegap=\skip66
\multlinetaggap=\skip67
\mathdisplay@stack=\toks24
LaTeX Info: Redefining \[ on input line 2665.
LaTeX Info: Redefining \] on input line 2666.
)
(c:/Program Files (x86)/texlive/2014/texmf-dist/tex/latex/amsfonts/amssymb.sty
Package: amssymb 2013/01/14 v3.01 AMS font symbols
) (c:/Program Files (x86)/texlive/2014/texmf-dist/tex/latex/amscls/amsthm.sty
Package: amsthm 2009/07/02 v2.20.1
\thm@style=\toks25
\thm@bodyfont=\toks26
\thm@headfont=\toks27
\thm@notefont=\toks28
\thm@headpunct=\toks29
\thm@preskip=\skip68
\thm@postskip=\skip69
\thm@headsep=\skip70
\dth@everypar=\toks30
)
(c:/Program Files (x86)/texlive/2014/texmf-dist/tex/latex/l3packages/xparse/xpa
rse.sty
(c:/Program Files (x86)/texlive/2014/texmf-dist/tex/latex/l3kernel/expl3.sty
Package: expl3 2015/03/01 v5547 L3 programming layer (loader) 

(c:/Program Files (x86)/texlive/2014/texmf-dist/tex/latex/l3kernel/expl3-code.t
ex
Package: expl3 2015/03/01 v5547 L3 programming layer (code) 
L3 Module: l3bootstrap 2015/02/28 v5542 L3 Bootstrap code
 (c:/Program Files (x86)/texlive/2014/texmf-dist/tex/latex/etex-pkg/etex.sty
Package: etex 2015/03/02 v2.1 eTeX basic definition package (PEB,DPC)
\et@xins=\count135
)
L3 Module: l3names 2015/02/24 v5535 L3 Namespace for primitives
L3 Module: l3basics 2015/01/27 v5500 L3 Basic definitions
L3 Module: l3expan 2014/11/27 v5472 L3 Argument expansion
L3 Module: l3tl 2015/01/27 v5500 L3 Token lists
L3 Module: l3str 2015/03/01 v5545 L3 Strings
L3 Module: l3seq 2014/08/23 v5354 L3 Sequences and stacks
L3 Module: l3int 2015/02/21 v5529 L3 Integers
\c_max_int=\count136
\l_tmpa_int=\count137
\l_tmpb_int=\count138
\g_tmpa_int=\count139
\g_tmpb_int=\count140
L3 Module: l3quark 2014/08/23 v5354 L3 Quarks
L3 Module: l3prg 2014/08/23 v5354 L3 Control structures
\g__prg_map_int=\count141
L3 Module: l3clist 2014/08/23 v5354 L3 Comma separated lists
L3 Module: l3token 2014/09/15 v5422 L3 Experimental token manipulation
L3 Module: l3prop 2014/08/23 v5354 L3 Property lists
L3 Module: l3msg 2015/02/26 v5537 L3 Messages
L3 Module: l3file 2014/08/24 v5369 L3 File and I/O operations
\l_iow_line_count_int=\count142
\l__iow_target_count_int=\count143
\l__iow_current_line_int=\count144
\l__iow_current_word_int=\count145
\l__iow_current_indentation_int=\count146
L3 Module: l3skip 2014/08/23 v5354 L3 Dimensions and skips
\c_zero_dim=\dimen115
\c_max_dim=\dimen116
\l_tmpa_dim=\dimen117
\l_tmpb_dim=\dimen118
\g_tmpa_dim=\dimen119
\g_tmpb_dim=\dimen120
\c_zero_skip=\skip71
\c_max_skip=\skip72
\l_tmpa_skip=\skip73
\l_tmpb_skip=\skip74
\g_tmpa_skip=\skip75
\g_tmpb_skip=\skip76
\c_zero_muskip=\muskip11
\c_max_muskip=\muskip12
\l_tmpa_muskip=\muskip13
\l_tmpb_muskip=\muskip14
\g_tmpa_muskip=\muskip15
\g_tmpb_muskip=\muskip16
L3 Module: l3keys 2015/01/27 v5500 L3 Key-value interfaces
\g__keyval_level_int=\count147
\l_keys_choice_int=\count148
L3 Module: l3fp 2014/08/22 v5336 L3 Floating points
\c__fp_leading_shift_int=\count149
\c__fp_middle_shift_int=\count150
\c__fp_trailing_shift_int=\count151
\c__fp_big_leading_shift_int=\count152
\c__fp_big_middle_shift_int=\count153
\c__fp_big_trailing_shift_int=\count154
\c__fp_Bigg_leading_shift_int=\count155
\c__fp_Bigg_middle_shift_int=\count156
\c__fp_Bigg_trailing_shift_int=\count157
L3 Module: l3box 2014/08/23 v5354 L3 Experimental boxes
\c_empty_box=\box28
\l_tmpa_box=\box29
\l_tmpb_box=\box30
\g_tmpa_box=\box31
\g_tmpb_box=\box32
L3 Module: l3coffins 2014/08/23 v5354 L3 Coffin code layer
\l__coffin_internal_box=\box33
\l__coffin_internal_dim=\dimen121
\l__coffin_offset_x_dim=\dimen122
\l__coffin_offset_y_dim=\dimen123
\l__coffin_x_dim=\dimen124
\l__coffin_y_dim=\dimen125
\l__coffin_x_prime_dim=\dimen126
\l__coffin_y_prime_dim=\dimen127
\c_empty_coffin=\box34
\l__coffin_aligned_coffin=\box35
\l__coffin_aligned_internal_coffin=\box36
\l_tmpa_coffin=\box37
\l_tmpb_coffin=\box38
\l__coffin_display_coffin=\box39
\l__coffin_display_coord_coffin=\box40
\l__coffin_display_pole_coffin=\box41
\l__coffin_display_offset_dim=\dimen128
\l__coffin_display_x_dim=\dimen129
\l__coffin_display_y_dim=\dimen130
L3 Module: l3color 2014/08/23 v5354 L3 Experimental color support
L3 Module: l3candidates 2015/03/01 v5544 L3 Experimental additions to l3kernel
\l__box_top_dim=\dimen131
\l__box_bottom_dim=\dimen132
\l__box_left_dim=\dimen133
\l__box_right_dim=\dimen134
\l__box_top_new_dim=\dimen135
\l__box_bottom_new_dim=\dimen136
\l__box_left_new_dim=\dimen137
\l__box_right_new_dim=\dimen138
\l__box_internal_box=\box42
\l__coffin_bounding_shift_dim=\dimen139
\l__coffin_left_corner_dim=\dimen140
\l__coffin_right_corner_dim=\dimen141
\l__coffin_bottom_corner_dim=\dimen142
\l__coffin_top_corner_dim=\dimen143
\l__coffin_scaled_total_height_dim=\dimen144
\l__coffin_scaled_width_dim=\dimen145
)
(c:/Program Files (x86)/texlive/2014/texmf-dist/tex/latex/l3kernel/l3unicode-da
ta.def
File: l3unicode-data.def 2015/03/01 v5544 L3 Unicode data
)
(c:/Program Files (x86)/texlive/2014/texmf-dist/tex/latex/l3kernel/l3xdvipdfmx.
def
File: l3xdvidpfmx.def 2015/03/01 v5544 L3 Experimental driver: xdvipdfmx
))
Package: xparse 2014/11/25 v5471 L3 Experimental document command parser
\l__xparse_current_arg_int=\count158
\l__xparse_m_args_int=\count159
\l__xparse_mandatory_args_int=\count160
\l__xparse_processor_int=\count161
\l__xparse_v_nesting_int=\count162
)
\c@thm=\count163
\c@defn=\count164
\c@prob=\count165
.................................................
. LaTeX info: "xparse/define-command"
. 
. Defining command \Case with sig. ' r[] +o ' on line 56.
.................................................
.................................................
. LaTeX info: "xparse/define-command"
. 
. Defining command \Step with sig. ' r[] +o ' on line 57.
.................................................

(c:/Program Files (x86)/texlive/2014/texmf-dist/tex/latex/enumitem/enumitem.sty
Package: enumitem 2011/09/28 v3.5.2 Customized lists
\enitkv@toks@=\toks31
\labelindent=\skip77
\enit@outerparindent=\dimen146
\enit@toks=\toks32
\enit@inbox=\box43
\enitdp@description=\count166
)
\c@condi=\count167
\enitdp@cond=\count168
\c@exeri=\count169
\c@exerii=\count170
\enitdp@exer=\count171
 (c:/Program Files (x86)/texlive/2014/texmf-dist/tex/latex/tikz-cd/tikz-cd.sty
Package: tikz-cd 2014/10/30 v0.9e Commutative diagrams with tikz

(c:/Program Files (x86)/texlive/2014/texmf-dist/tex/latex/pgf/frontendlayer/tik
z.sty
(c:/Program Files (x86)/texlive/2014/texmf-dist/tex/latex/pgf/basiclayer/pgf.st
y
(c:/Program Files (x86)/texlive/2014/texmf-dist/tex/latex/pgf/utilities/pgfrcs.
sty
(c:/Program Files (x86)/texlive/2014/texmf-dist/tex/generic/pgf/utilities/pgfut
il-common.tex
\pgfutil@everybye=\toks33
\pgfutil@tempdima=\dimen147
\pgfutil@tempdimb=\dimen148

(c:/Program Files (x86)/texlive/2014/texmf-dist/tex/generic/pgf/utilities/pgfut
il-common-lists.tex))
(c:/Program Files (x86)/texlive/2014/texmf-dist/tex/generic/pgf/utilities/pgfut
il-latex.def
\pgfutil@abb=\box44

(c:/Program Files (x86)/texlive/2014/texmf-dist/tex/latex/ms/everyshi.sty
Package: everyshi 2001/05/15 v3.00 EveryShipout Package (MS)
))
(c:/Program Files (x86)/texlive/2014/texmf-dist/tex/generic/pgf/utilities/pgfrc
s.code.tex
Package: pgfrcs 2013/12/20 v3.0.0 (rcs-revision 1.28)
))
Package: pgf 2013/12/18 v3.0.0 (rcs-revision 1.14)

(c:/Program Files (x86)/texlive/2014/texmf-dist/tex/latex/pgf/basiclayer/pgfcor
e.sty
(c:/Program Files (x86)/texlive/2014/texmf-dist/tex/latex/graphics/graphicx.sty
Package: graphicx 2014/10/28 v1.0g Enhanced LaTeX Graphics (DPC,SPQR)
(c:/Program Files (x86)/texlive/2014/texmf-dist/tex/latex/graphics/keyval.sty
Package: keyval 2014/10/28 v1.15 key=value parser (DPC)
\KV@toks@=\toks34
)
(c:/Program Files (x86)/texlive/2014/texmf-dist/tex/latex/graphics/graphics.sty
Package: graphics 2014/10/28 v1.0p Standard LaTeX Graphics (DPC,SPQR)
(c:/Program Files (x86)/texlive/2014/texmf-dist/tex/latex/graphics/trig.sty
Package: trig 1999/03/16 v1.09 sin cos tan (DPC)
)
(c:/Program Files (x86)/texlive/2014/texmf-dist/tex/latex/latexconfig/graphics.
cfg
File: graphics.cfg 2010/04/23 v1.9 graphics configuration of TeX Live
)
Package graphics Info: Driver file: xetex.def on input line 91.

(c:/Program Files (x86)/texlive/2014/texmf-dist/tex/xelatex/xetex-def/xetex.def
File: xetex.def 2015/03/25 v4.04 LaTeX color/graphics driver for XeTeX (TeX Liv
e/RRM/JK)
))
\Gin@req@height=\dimen149
\Gin@req@width=\dimen150
)
(c:/Program Files (x86)/texlive/2014/texmf-dist/tex/latex/pgf/systemlayer/pgfsy
s.sty
(c:/Program Files (x86)/texlive/2014/texmf-dist/tex/generic/pgf/systemlayer/pgf
sys.code.tex
Package: pgfsys 2013/11/30 v3.0.0 (rcs-revision 1.47)

(c:/Program Files (x86)/texlive/2014/texmf-dist/tex/generic/pgf/utilities/pgfke
ys.code.tex
\pgfkeys@pathtoks=\toks35
\pgfkeys@temptoks=\toks36

(c:/Program Files (x86)/texlive/2014/texmf-dist/tex/generic/pgf/utilities/pgfke
ysfiltered.code.tex
\pgfkeys@tmptoks=\toks37
))
\pgf@x=\dimen151
\pgf@y=\dimen152
\pgf@xa=\dimen153
\pgf@ya=\dimen154
\pgf@xb=\dimen155
\pgf@yb=\dimen156
\pgf@xc=\dimen157
\pgf@yc=\dimen158
\w@pgf@writea=\write3
\r@pgf@reada=\read1
\c@pgf@counta=\count172
\c@pgf@countb=\count173
\c@pgf@countc=\count174
\c@pgf@countd=\count175
\t@pgf@toka=\toks38
\t@pgf@tokb=\toks39
\t@pgf@tokc=\toks40

(c:/Program Files (x86)/texlive/2014/texmf-dist/tex/generic/pgf/systemlayer/pgf
.cfg
File: pgf.cfg 2008/05/14  (rcs-revision 1.7)
)
Driver file for pgf: pgfsys-xetex.def

(c:/Program Files (x86)/texlive/2014/texmf-dist/tex/generic/pgf/systemlayer/pgf
sys-xetex.def
File: pgfsys-xetex.def 2013/07/16  (rcs-revision 1.9)

(c:/Program Files (x86)/texlive/2014/texmf-dist/tex/generic/pgf/systemlayer/pgf
sys-dvipdfmx.def
File: pgfsys-dvipdfmx.def 2013/08/28  (rcs-revision 1.12)

(c:/Program Files (x86)/texlive/2014/texmf-dist/tex/generic/pgf/systemlayer/pgf
sys-common-pdf.def
File: pgfsys-common-pdf.def 2013/10/10  (rcs-revision 1.13)
)
\pgfsys@objnum=\count176
)))
(c:/Program Files (x86)/texlive/2014/texmf-dist/tex/generic/pgf/systemlayer/pgf
syssoftpath.code.tex
File: pgfsyssoftpath.code.tex 2013/09/09  (rcs-revision 1.9)
\pgfsyssoftpath@smallbuffer@items=\count177
\pgfsyssoftpath@bigbuffer@items=\count178
)
(c:/Program Files (x86)/texlive/2014/texmf-dist/tex/generic/pgf/systemlayer/pgf
sysprotocol.code.tex
File: pgfsysprotocol.code.tex 2006/10/16  (rcs-revision 1.4)
))
(c:/Program Files (x86)/texlive/2014/texmf-dist/tex/latex/xcolor/xcolor.sty
Package: xcolor 2007/01/21 v2.11 LaTeX color extensions (UK)

(c:/Program Files (x86)/texlive/2014/texmf-dist/tex/latex/latexconfig/color.cfg
File: color.cfg 2007/01/18 v1.5 color configuration of teTeX/TeXLive
)
Package xcolor Info: Driver file: xetex.def on input line 225.
Package xcolor Info: Model `cmy' substituted by `cmy0' on input line 1337.
Package xcolor Info: Model `RGB' extended on input line 1353.
Package xcolor Info: Model `HTML' substituted by `rgb' on input line 1355.
Package xcolor Info: Model `Hsb' substituted by `hsb' on input line 1356.
Package xcolor Info: Model `tHsb' substituted by `hsb' on input line 1357.
Package xcolor Info: Model `HSB' substituted by `hsb' on input line 1358.
Package xcolor Info: Model `Gray' substituted by `gray' on input line 1359.
Package xcolor Info: Model `wave' substituted by `hsb' on input line 1360.
)
(c:/Program Files (x86)/texlive/2014/texmf-dist/tex/generic/pgf/basiclayer/pgfc
ore.code.tex
Package: pgfcore 2010/04/11 v3.0.0 (rcs-revision 1.7)

(c:/Program Files (x86)/texlive/2014/texmf-dist/tex/generic/pgf/math/pgfmath.co
de.tex
(c:/Program Files (x86)/texlive/2014/texmf-dist/tex/generic/pgf/math/pgfmathcal
c.code.tex
(c:/Program Files (x86)/texlive/2014/texmf-dist/tex/generic/pgf/math/pgfmathuti
l.code.tex)
(c:/Program Files (x86)/texlive/2014/texmf-dist/tex/generic/pgf/math/pgfmathpar
ser.code.tex
\pgfmath@dimen=\dimen159
\pgfmath@count=\count179
\pgfmath@box=\box45
\pgfmath@toks=\toks41
\pgfmath@stack@operand=\toks42
\pgfmath@stack@operation=\toks43
)
(c:/Program Files (x86)/texlive/2014/texmf-dist/tex/generic/pgf/math/pgfmathfun
ctions.code.tex
(c:/Program Files (x86)/texlive/2014/texmf-dist/tex/generic/pgf/math/pgfmathfun
ctions.basic.code.tex)
(c:/Program Files (x86)/texlive/2014/texmf-dist/tex/generic/pgf/math/pgfmathfun
ctions.trigonometric.code.tex)
(c:/Program Files (x86)/texlive/2014/texmf-dist/tex/generic/pgf/math/pgfmathfun
ctions.random.code.tex)
(c:/Program Files (x86)/texlive/2014/texmf-dist/tex/generic/pgf/math/pgfmathfun
ctions.comparison.code.tex)
(c:/Program Files (x86)/texlive/2014/texmf-dist/tex/generic/pgf/math/pgfmathfun
ctions.base.code.tex)
(c:/Program Files (x86)/texlive/2014/texmf-dist/tex/generic/pgf/math/pgfmathfun
ctions.round.code.tex)
(c:/Program Files (x86)/texlive/2014/texmf-dist/tex/generic/pgf/math/pgfmathfun
ctions.misc.code.tex)
(c:/Program Files (x86)/texlive/2014/texmf-dist/tex/generic/pgf/math/pgfmathfun
ctions.integerarithmetics.code.tex)))
(c:/Program Files (x86)/texlive/2014/texmf-dist/tex/generic/pgf/math/pgfmathflo
at.code.tex
\c@pgfmathroundto@lastzeros=\count180
))
(c:/Program Files (x86)/texlive/2014/texmf-dist/tex/generic/pgf/basiclayer/pgfc
orepoints.code.tex
File: pgfcorepoints.code.tex 2013/10/07  (rcs-revision 1.27)
\pgf@picminx=\dimen160
\pgf@picmaxx=\dimen161
\pgf@picminy=\dimen162
\pgf@picmaxy=\dimen163
\pgf@pathminx=\dimen164
\pgf@pathmaxx=\dimen165
\pgf@pathminy=\dimen166
\pgf@pathmaxy=\dimen167
\pgf@xx=\dimen168
\pgf@xy=\dimen169
\pgf@yx=\dimen170
\pgf@yy=\dimen171
\pgf@zx=\dimen172
\pgf@zy=\dimen173
)
(c:/Program Files (x86)/texlive/2014/texmf-dist/tex/generic/pgf/basiclayer/pgfc
orepathconstruct.code.tex
File: pgfcorepathconstruct.code.tex 2013/10/07  (rcs-revision 1.29)
\pgf@path@lastx=\dimen174
\pgf@path@lasty=\dimen175
)
(c:/Program Files (x86)/texlive/2014/texmf-dist/tex/generic/pgf/basiclayer/pgfc
orepathusage.code.tex
File: pgfcorepathusage.code.tex 2013/12/13  (rcs-revision 1.23)
\pgf@shorten@end@additional=\dimen176
\pgf@shorten@start@additional=\dimen177
)
(c:/Program Files (x86)/texlive/2014/texmf-dist/tex/generic/pgf/basiclayer/pgfc
orescopes.code.tex
File: pgfcorescopes.code.tex 2013/10/09  (rcs-revision 1.44)
\pgfpic=\box46
\pgf@hbox=\box47
\pgf@layerbox@main=\box48
\pgf@picture@serial@count=\count181
)
(c:/Program Files (x86)/texlive/2014/texmf-dist/tex/generic/pgf/basiclayer/pgfc
oregraphicstate.code.tex
File: pgfcoregraphicstate.code.tex 2013/09/19  (rcs-revision 1.11)
\pgflinewidth=\dimen178
)
(c:/Program Files (x86)/texlive/2014/texmf-dist/tex/generic/pgf/basiclayer/pgfc
oretransformations.code.tex
File: pgfcoretransformations.code.tex 2013/10/10  (rcs-revision 1.17)
\pgf@pt@x=\dimen179
\pgf@pt@y=\dimen180
\pgf@pt@temp=\dimen181
)
(c:/Program Files (x86)/texlive/2014/texmf-dist/tex/generic/pgf/basiclayer/pgfc
orequick.code.tex
File: pgfcorequick.code.tex 2008/10/09  (rcs-revision 1.3)
)
(c:/Program Files (x86)/texlive/2014/texmf-dist/tex/generic/pgf/basiclayer/pgfc
oreobjects.code.tex
File: pgfcoreobjects.code.tex 2006/10/11  (rcs-revision 1.2)
)
(c:/Program Files (x86)/texlive/2014/texmf-dist/tex/generic/pgf/basiclayer/pgfc
orepathprocessing.code.tex
File: pgfcorepathprocessing.code.tex 2013/09/09  (rcs-revision 1.9)
)
(c:/Program Files (x86)/texlive/2014/texmf-dist/tex/generic/pgf/basiclayer/pgfc
orearrows.code.tex
File: pgfcorearrows.code.tex 2013/11/07  (rcs-revision 1.40)
\pgfarrowsep=\dimen182
)
(c:/Program Files (x86)/texlive/2014/texmf-dist/tex/generic/pgf/basiclayer/pgfc
oreshade.code.tex
File: pgfcoreshade.code.tex 2013/07/15  (rcs-revision 1.15)
\pgf@max=\dimen183
\pgf@sys@shading@range@num=\count182
)
(c:/Program Files (x86)/texlive/2014/texmf-dist/tex/generic/pgf/basiclayer/pgfc
oreimage.code.tex
File: pgfcoreimage.code.tex 2013/07/15  (rcs-revision 1.18)

(c:/Program Files (x86)/texlive/2014/texmf-dist/tex/generic/pgf/basiclayer/pgfc
oreexternal.code.tex
File: pgfcoreexternal.code.tex 2013/07/15  (rcs-revision 1.20)
\pgfexternal@startupbox=\box49
))
(c:/Program Files (x86)/texlive/2014/texmf-dist/tex/generic/pgf/basiclayer/pgfc
orelayers.code.tex
File: pgfcorelayers.code.tex 2013/07/18  (rcs-revision 1.7)
)
(c:/Program Files (x86)/texlive/2014/texmf-dist/tex/generic/pgf/basiclayer/pgfc
oretransparency.code.tex
File: pgfcoretransparency.code.tex 2013/09/30  (rcs-revision 1.5)
)
(c:/Program Files (x86)/texlive/2014/texmf-dist/tex/generic/pgf/basiclayer/pgfc
orepatterns.code.tex
File: pgfcorepatterns.code.tex 2013/11/07  (rcs-revision 1.5)
)))
(c:/Program Files (x86)/texlive/2014/texmf-dist/tex/generic/pgf/modules/pgfmodu
leshapes.code.tex
File: pgfmoduleshapes.code.tex 2013/10/31  (rcs-revision 1.34)
\pgfnodeparttextbox=\box50
)
(c:/Program Files (x86)/texlive/2014/texmf-dist/tex/generic/pgf/modules/pgfmodu
leplot.code.tex
File: pgfmoduleplot.code.tex 2013/07/31  (rcs-revision 1.12)
)
(c:/Program Files (x86)/texlive/2014/texmf-dist/tex/latex/pgf/compatibility/pgf
comp-version-0-65.sty
Package: pgfcomp-version-0-65 2007/07/03 v3.0.0 (rcs-revision 1.7)
\pgf@nodesepstart=\dimen184
\pgf@nodesepend=\dimen185
)
(c:/Program Files (x86)/texlive/2014/texmf-dist/tex/latex/pgf/compatibility/pgf
comp-version-1-18.sty
Package: pgfcomp-version-1-18 2007/07/23 v3.0.0 (rcs-revision 1.1)
))
(c:/Program Files (x86)/texlive/2014/texmf-dist/tex/latex/pgf/utilities/pgffor.
sty
(c:/Program Files (x86)/texlive/2014/texmf-dist/tex/latex/pgf/utilities/pgfkeys
.sty
(c:/Program Files (x86)/texlive/2014/texmf-dist/tex/generic/pgf/utilities/pgfke
ys.code.tex))
(c:/Program Files (x86)/texlive/2014/texmf-dist/tex/latex/pgf/math/pgfmath.sty
(c:/Program Files (x86)/texlive/2014/texmf-dist/tex/generic/pgf/math/pgfmath.co
de.tex))
(c:/Program Files (x86)/texlive/2014/texmf-dist/tex/generic/pgf/utilities/pgffo
r.code.tex
Package: pgffor 2013/12/13 v3.0.0 (rcs-revision 1.25)

(c:/Program Files (x86)/texlive/2014/texmf-dist/tex/generic/pgf/math/pgfmath.co
de.tex)
\pgffor@iter=\dimen186
\pgffor@skip=\dimen187
\pgffor@stack=\toks44
\pgffor@toks=\toks45
))
(c:/Program Files (x86)/texlive/2014/texmf-dist/tex/generic/pgf/frontendlayer/t
ikz/tikz.code.tex
Package: tikz 2013/12/13 v3.0.0 (rcs-revision 1.142)

(c:/Program Files (x86)/texlive/2014/texmf-dist/tex/generic/pgf/libraries/pgfli
braryplothandlers.code.tex
File: pgflibraryplothandlers.code.tex 2013/08/31 v3.0.0 (rcs-revision 1.20)
\pgf@plot@mark@count=\count183
\pgfplotmarksize=\dimen188
)
\tikz@lastx=\dimen189
\tikz@lasty=\dimen190
\tikz@lastxsaved=\dimen191
\tikz@lastysaved=\dimen192
\tikzleveldistance=\dimen193
\tikzsiblingdistance=\dimen194
\tikz@figbox=\box51
\tikz@figbox@bg=\box52
\tikz@tempbox=\box53
\tikz@tempbox@bg=\box54
\tikztreelevel=\count184
\tikznumberofchildren=\count185
\tikznumberofcurrentchild=\count186
\tikz@fig@count=\count187

(c:/Program Files (x86)/texlive/2014/texmf-dist/tex/generic/pgf/modules/pgfmodu
lematrix.code.tex
File: pgfmodulematrix.code.tex 2013/09/17  (rcs-revision 1.8)
\pgfmatrixcurrentrow=\count188
\pgfmatrixcurrentcolumn=\count189
\pgf@matrix@numberofcolumns=\count190
)
\tikz@expandcount=\count191

(c:/Program Files (x86)/texlive/2014/texmf-dist/tex/generic/pgf/frontendlayer/t
ikz/libraries/tikzlibrarytopaths.code.tex
File: tikzlibrarytopaths.code.tex 2008/06/17 v3.0.0 (rcs-revision 1.2)
)))
(c:/Program Files (x86)/texlive/2014/texmf-dist/tex/generic/tikz-cd/tikzlibrary
cd.code.tex
(c:/Program Files (x86)/texlive/2014/texmf-dist/tex/generic/pgf/frontendlayer/t
ikz/libraries/tikzlibrarymatrix.code.tex
File: tikzlibrarymatrix.code.tex 2013/07/12 v3.0.0 (rcs-revision 1.4)
)
(c:/Program Files (x86)/texlive/2014/texmf-dist/tex/generic/pgf/frontendlayer/t
ikz/libraries/tikzlibraryquotes.code.tex
File: tikzlibraryquotes.code.tex 2013/08/28 v3.0.0 (rcs-revision 1.3)
)
(c:/Program Files (x86)/texlive/2014/texmf-dist/tex/generic/pgf/libraries/pgfli
braryarrows.meta.code.tex
File: pgflibraryarrows.meta.code.tex 2013/12/13 v3.0.0 (rcs-revision 1.12)
\pgfarrowinset=\dimen195
\pgfarrowlength=\dimen196
\pgfarrowwidth=\dimen197
\pgfarrowlinewidth=\dimen198
)))
.................................................
. LaTeX info: "xparse/define-environment"
. 
. Defining environment 'cd' with sig. '' on line 112.
.................................................
.................................................
. LaTeX info: "xparse/define-environment"
. 
. Defining environment 'es' with sig. '' on line 118.
.................................................
.................................................
. LaTeX info: "xparse/define-command"
. 
. Defining command \pd with sig. ' o g g g ' on line 166.
.................................................
.................................................
. LaTeX info: "xparse/define-command"
. 
. Defining command \dd with sig. ' o g g g ' on line 175.
.................................................
.................................................
. LaTeX info: "xparse/define-command"
. 
. Defining command \abs with sig. 'm' on line 236.
.................................................
.................................................
. LaTeX info: "xparse/define-command"
. 
. Defining command \norm with sig. 'm' on line 237.
.................................................
.................................................
. LaTeX info: "xparse/define-command"
. 
. Defining command \flr with sig. 'm' on line 238.
.................................................
.................................................
. LaTeX info: "xparse/define-command"
. 
. Defining command \ceil with sig. 'm' on line 239.
.................................................
.................................................
. LaTeX info: "xparse/define-command"
. 
. Defining command \inn with sig. 'mm' on line 240.
.................................................
.................................................
. LaTeX info: "xparse/define-environment"
. 
. Defining environment 'pde' with sig. 's' on line 273.
.................................................

(c:/Program Files (x86)/texlive/2014/texmf-dist/tex/latex/mathtools/empheq.sty
Package: empheq 2014/07/16 v2.14 Emphasizing equations

(c:/Program Files (x86)/texlive/2014/texmf-dist/tex/latex/mathtools/mhsetup.sty
Package: mhsetup 2010/01/21 v1.2a programming setup (MH)
)
(c:/Program Files (x86)/texlive/2014/texmf-dist/tex/latex/mathtools/mathtools.s
ty
Package: mathtools 2014/07/16 v1.15 mathematical typesetting tools
 (c:/Program Files (x86)/texlive/2014/texmf-dist/tex/latex/tools/calc.sty
Package: calc 2014/10/28 v4.3 Infix arithmetic (KKT,FJ)
\calc@Acount=\count192
\calc@Bcount=\count193
\calc@Adimen=\dimen199
\calc@Bdimen=\dimen200
\calc@Askip=\skip78
\calc@Bskip=\skip79
LaTeX Info: Redefining \setlength on input line 75.
LaTeX Info: Redefining \addtolength on input line 76.
\calc@Ccount=\count194
\calc@Cskip=\skip80
)
LaTeX Info: Thecontrolsequence`\['isalreadyrobust on input line 129.
LaTeX Info: Thecontrolsequence`\]'isalreadyrobust on input line 129.
\g_MT_multlinerow_int=\count195
\l_MT_multwidth_dim=\dimen201
\origjot=\skip81
Normal \dimen register pool exhausted, switching to extended pool.
\l_MT_shortvdotswithinadjustabove_dim=\dimen256
\l_MT_shortvdotswithinadjustbelow_dim=\dimen257
\l_MT_above_intertext_sep=\dimen258
\l_MT_below_intertext_sep=\dimen259
\l_MT_above_shortintertext_sep=\dimen260
\l_MT_below_shortintertext_sep=\dimen261
)
\l_EQ_equationtype_int=\count196
\l_EQ_alignmentmode_int=\count197
\l_EQ_totalwidth_dim=\dimen262
\l_EQ_displaywidth_dim=\dimen263
\l_EQ_temp_linewidth_dim=\dimen264
\EmphEqdelimitershortfall=\dimen265
\EmphEqdelimiterfactor=\count198
\g_EQ_toptag_height_dim=\dimen266
\g_EQ_bottomtag_depth_dim=\dimen267
\g_EQ_toprow_height_dim=\dimen268
\g_EQ_bottomrow_depth_dim=\dimen269
\g_EQ_widesttag_dim=\dimen270
\EQ_mathdisplay_box=\box55
\EQ_tag_box=\box56
\g_EQ_temprow_int=\count199
)
.................................................
. LaTeX info: "xparse/define-environment"
. 
. Defining environment 'pdes' with sig. '' on line 289.
.................................................
.................................................
. LaTeX info: "xparse/redefine-command"
. 
. Redefining command \to with sig. 'g' on line 342.
.................................................
) (c:/Program Files (x86)/texlive/2014/texmf-dist/tex/latex/cjk-ko/kotex.sty
Package: kotex 2015/03/20 v1.5 Korean TeX (ko.TeX)

(c:/Program Files (x86)/texlive/2014/texmf-dist/tex/latex/kotex-utf/kotex.cfg)
(c:/Program Files (x86)/texlive/2014/texmf-dist/tex/xetex/xetexko/xetexko.sty
Package: xetexko 2015/03/26 v2.12 Typesetting Korean with XeTeX

(c:/Program Files (x86)/texlive/2014/texmf-dist/tex/xetex/xetexko/xetexko-space
.sty
Package: xetexko-space 2015/03/26 v2.12 Spacings and fonts for XeTeX-ko
\XKcjkclosing=\XeTeXintercharclass4
\XKcjkcolon=\XeTeXintercharclass5
\XKcjkfullstop=\XeTeXintercharclass6
\XKcjkliaison=\XeTeXintercharclass7
\XKcjkextrastop=\XeTeXintercharclass8
\XKcjksymbol=\XeTeXintercharclass9
\XKhangulsyllable=\XeTeXintercharclass10
\XKhanguljungjong=\XeTeXintercharclass11
\XKlatinopening=\XeTeXintercharclass12
\XKlatinclosing=\XeTeXintercharclass13
\XKopeningquote=\XeTeXintercharclass14
\XKclosingquote=\XeTeXintercharclass15
\XKlatinfullstop=\XeTeXintercharclass16
\XKlatinquestion=\XeTeXintercharclass17
\XKlatinexclamation=\XeTeXintercharclass18
\XKlatinhyphen=\XeTeXintercharclass19
\XKlatincomma=\XeTeXintercharclass20
\XKlatincolon=\XeTeXintercharclass21
\XKlatinnumber=\XeTeXintercharclass22
\XKhanjacombining=\XeTeXintercharclass23
\XKdotemphbox=\box57
)
(c:/Program Files (x86)/texlive/2014/texmf-dist/tex/xetex/xetexko/xetexko-josa.
sty
Package: xetexko-josa 2015/01/16 v2.10 Auto-josa for XeTeX-ko
\@josa=\count200
)
(c:/Program Files (x86)/texlive/2014/texmf-dist/tex/xetex/xetexko/xetexko-font.
sty
Package: xetexko-font 2015/03/26 v2.12 LaTeX Font commands for XeTeX-ko

(c:/Program Files (x86)/texlive/2014/texmf-dist/tex/latex/fontspec/fontspec.sty
Package: fontspec 2015/03/14 v2.4c Font selection for XeLaTeX and LuaLaTeX
\l_fontspec_script_int=\count201
Normal \count register pool exhausted, switching to extended pool.
\l_fontspec_language_int=\count277
\l_fontspec_strnum_int=\count278
\l__fontspec_tmpa_dim=\dimen271
\l__fontspec_tmpb_dim=\dimen272
\l__fontspec_tmpc_dim=\dimen273
Variant \tl_gset:cV already defined; not changing it on line 71

(c:/Program Files (x86)/texlive/2014/texmf-dist/tex/latex/fontspec/fontspec-pat
ches.sty
Package: fontspec-patches 2015/03/14 v2.4c Font selection for XeLaTeX and LuaLa
TeX
LaTeX Info: Redefining \em on input line 49.
LaTeX Info: Redefining \emph on input line 57.
LaTeX Info: Redefining \- on input line 60.
.................................................
. LaTeX info: "xparse/redefine-command"
. 
. Redefining command \oldstylenums with sig. 'm' on line 155.
.................................................
.................................................
. LaTeX info: "xparse/define-command"
. 
. Defining command \liningnums with sig. 'm' on line 159.
.................................................
)
(c:/Program Files (x86)/texlive/2014/texmf-dist/tex/latex/fontspec/fontspec-xet
ex.sty
Package: fontspec-xetex 2015/03/14 v2.4c Font selection for XeLaTeX and LuaLaTe
X

(c:/Program Files (x86)/texlive/2014/texmf-dist/tex/latex/base/fontenc.sty
Package: fontenc 2005/09/27 v1.99g Standard LaTeX package

(c:/Program Files (x86)/texlive/2014/texmf-dist/tex/latex/euenc/eu1enc.def
File: eu1enc.def 2010/05/27 v0.1h Experimental Unicode font encodings
)
LaTeX Font Info:    Try loading font information for EU1+lmr on input line 100.


(c:/Program Files (x86)/texlive/2014/texmf-dist/tex/latex/euenc/eu1lmr.fd
File: eu1lmr.fd 2009/10/30 v1.6 Font defs for Latin Modern
))
(c:/Program Files (x86)/texlive/2014/texmf-dist/tex/xelatex/xunicode/xunicode.s
ty
File: xunicode.sty 2011/09/09 v0.981 provides access to latin accents and many 
other characters in Unicode lower plane
 (c:/Program Files (x86)/texlive/2014/texmf-dist/tex/latex/tipa/t3enc.def
File: t3enc.def 2001/12/31 T3 encoding
LaTeX Font Info:    Try loading font information for EU1+lmss on input line 357
.

(c:/Program Files (x86)/texlive/2014/texmf-dist/tex/latex/euenc/eu1lmss.fd
File: eu1lmss.fd 2009/10/30 v1.6 Font defs for Latin Modern
))
\tipaTiiicode=\count279
\tipasavetokens=\toks46
\tipachecktokens=\toks47
LaTeX Info: Redefining \T on input line 1690.
)
.................................................
. LaTeX info: "xparse/define-command"
. 
. Defining command \__fontspec_post_arg:w with sig. 'mmO{}' on line 42.
.................................................
.................................................
. LaTeX info: "xparse/define-command"
. 
. Defining command \fontspec with sig. 'om' on line 44.
.................................................
.................................................
. LaTeX info: "xparse/define-command"
. 
. Defining command \setmainfont with sig. 'om' on line 54.
.................................................
.................................................
. LaTeX info: "xparse/define-command"
. 
. Defining command \setsansfont with sig. 'om' on line 64.
.................................................
.................................................
. LaTeX info: "xparse/define-command"
. 
. Defining command \setmonofont with sig. 'om' on line 74.
.................................................
.................................................
. LaTeX info: "xparse/define-command"
. 
. Defining command \setmathrm with sig. 'om' on line 88.
.................................................
.................................................
. LaTeX info: "xparse/define-command"
. 
. Defining command \setboldmathrm with sig. 'om' on line 96.
.................................................
.................................................
. LaTeX info: "xparse/define-command"
. 
. Defining command \setmathsf with sig. 'om' on line 104.
.................................................
.................................................
. LaTeX info: "xparse/define-command"
. 
. Defining command \setmathtt with sig. 'om' on line 112.
.................................................
.................................................
. LaTeX info: "xparse/define-command"
. 
. Defining command \newfontfamily with sig. 'mom' on line 126.
.................................................
.................................................
. LaTeX info: "xparse/define-command"
. 
. Defining command \newfontface with sig. 'mom' on line 141.
.................................................
.................................................
. LaTeX info: "xparse/define-command"
. 
. Defining command \defaultfontfeatures with sig. 't+om' on line 155.
.................................................
.................................................
. LaTeX info: "xparse/define-command"
. 
. Defining command \addfontfeatures with sig. 'm' on line 210.
.................................................
.................................................
. LaTeX info: "xparse/define-command"
. 
. Defining command \newfontfeature with sig. 'mm' on line 221.
.................................................
.................................................
. LaTeX info: "xparse/define-command"
. 
. Defining command \newAATfeature with sig. 'mmmm' on line 229.
.................................................
.................................................
. LaTeX info: "xparse/define-command"
. 
. Defining command \newopentypefeature with sig. 'mmm' on line 237.
.................................................
.................................................
. LaTeX info: "xparse/define-command"
. 
. Defining command \aliasfontfeature with sig. 'mm' on line 261.
.................................................
.................................................
. LaTeX info: "xparse/define-command"
. 
. Defining command \aliasfontfeatureoption with sig. 'mmm' on line 270.
.................................................
.................................................
. LaTeX info: "xparse/define-command"
. 
. Defining command \newfontscript with sig. 'mm' on line 275.
.................................................
.................................................
. LaTeX info: "xparse/define-command"
. 
. Defining command \newfontlanguage with sig. 'mm' on line 301.
.................................................
.................................................
. LaTeX info: "xparse/define-command"
. 
. Defining command \DeclareFontsExtensions with sig. 'm' on line 321.
.................................................
Variant \prop_gput:cnV already defined; not changing it on line 704
Variant \prop_gput:cnx already defined; not changing it on line 705
\l__fontspec_tmp_int=\count280
LaTeX Info: Redefining \itshape on input line 2232.
LaTeX Info: Redefining \slshape on input line 2237.
LaTeX Info: Redefining \scshape on input line 2242.
LaTeX Info: Redefining \upshape on input line 2247.

(c:/Program Files (x86)/texlive/2014/texmf-dist/tex/latex/fontspec/fontspec.cfg
)))
.................................................
. LaTeX info: "xparse/define-command"
. 
. Defining command \__xtxko_post_args:w with sig. 'mmO{}' on line 116.
.................................................
.................................................
. LaTeX info: "xparse/define-command"
. 
. Defining command \setmainhangulfont with sig. 'om' on line 146.
.................................................
.................................................
. LaTeX info: "xparse/define-command"
. 
. Defining command \setsanshangulfont with sig. 'om' on line 156.
.................................................
.................................................
. LaTeX info: "xparse/define-command"
. 
. Defining command \setmonohangulfont with sig. 'om' on line 166.
.................................................
.................................................
. LaTeX info: "xparse/define-command"
. 
. Defining command \setmainhanjafont with sig. 'om' on line 174.
.................................................
.................................................
. LaTeX info: "xparse/define-command"
. 
. Defining command \setsanshanjafont with sig. 'om' on line 184.
.................................................
.................................................
. LaTeX info: "xparse/define-command"
. 
. Defining command \setmonohanjafont with sig. 'om' on line 194.
.................................................
.................................................
. LaTeX info: "xparse/define-command"
. 
. Defining command \adhochangulfont with sig. 'om' on line 203.
.................................................
.................................................
. LaTeX info: "xparse/define-command"
. 
. Defining command \adhochanjafont with sig. 'om' on line 220.
.................................................
.................................................
. LaTeX info: "xparse/define-command"
. 
. Defining command \newhangulfontfamily with sig. 'mom' on line 238.
.................................................
.................................................
. LaTeX info: "xparse/define-command"
. 
. Defining command \newhanjafontfamily with sig. 'mom' on line 258.
.................................................
.................................................
. LaTeX info: "xparse/define-command"
. 
. Defining command \newhangulfontface with sig. 'mom' on line 278.
.................................................
.................................................
. LaTeX info: "xparse/define-command"
. 
. Defining command \newhanjafontface with sig. 'mom' on line 298.
.................................................
.................................................
. LaTeX info: "xparse/define-command"
. 
. Defining command \addhangulfontfeature with sig. 'm' on line 337.
.................................................
.................................................
. LaTeX info: "xparse/define-command"
. 
. Defining command \addhanjafontfeature with sig. 'm' on line 358.
.................................................
.................................................
. LaTeX info: "xparse/define-command"
. 
. Defining command \defaulthangulfontfeatures with sig. 't+om' on line 377.
.................................................
.................................................
. LaTeX info: "xparse/define-command"
. 
. Defining command \defaulthanjafontfeatures with sig. 't+om' on line 389.
.................................................
.................................................
. LaTeX info: "xparse/define-command"
. 
. Defining command \setmathhangulfont with sig. 'om' on line 392.
.................................................
.................................................
. LaTeX info: "xparse/define-command"
. 
. Defining command \xetexkofontregime with sig. 'om' on line 411.
.................................................
)
(c:/Program Files (x86)/texlive/2014/texmf-dist/tex/xetex/xetexko/xetexko-verti
cal.sty
Package: xetexko-vertical 2015/01/16 v2.10 Vertical environment for XeTeX-ko
\verticalem=\dimen274
)
(c:/Program Files (x86)/texlive/2014/texmf-dist/tex/latex/cjk-ko/kolabels-utf.s
ty
Package: kolabels-utf 2015/03/20 v1.5 UTF-8 Hangul item labels
)))
.................................................
. LaTeX info: "xparse/define-environment"
. 
. Defining environment 'sol' with sig. '' on line 21.
.................................................
 (./advcal.aux

LaTeX Warning: Label `question@1' multiply defined.

)
\openout1 = `advcal.aux'.

LaTeX Font Info:    Checking defaults for OML/cmm/m/it on input line 35.
LaTeX Font Info:    ... okay on input line 35.
LaTeX Font Info:    Checking defaults for T1/cmr/m/n on input line 35.
LaTeX Font Info:    ... okay on input line 35.
LaTeX Font Info:    Checking defaults for OT1/cmr/m/n on input line 35.
LaTeX Font Info:    ... okay on input line 35.
LaTeX Font Info:    Checking defaults for OMS/cmsy/m/n on input line 35.
LaTeX Font Info:    ... okay on input line 35.
LaTeX Font Info:    Checking defaults for OMX/cmex/m/n on input line 35.
LaTeX Font Info:    ... okay on input line 35.
LaTeX Font Info:    Checking defaults for U/cmr/m/n on input line 35.
LaTeX Font Info:    ... okay on input line 35.
LaTeX Font Info:    Checking defaults for EU1/lmr/m/n on input line 35.
LaTeX Font Info:    ... okay on input line 35.
LaTeX Font Info:    Checking defaults for T3/cmr/m/n on input line 35.
LaTeX Font Info:    Try loading font information for T3+cmr on input line 35.
 (c:/Program Files (x86)/texlive/2014/texmf-dist/tex/latex/tipa/t3cmr.fd
File: t3cmr.fd 2001/12/31 TIPA font definitions
)
LaTeX Font Info:    ... okay on input line 35.

ABD: EveryShipout initializing macros
\Hy@linkcounter=\count281
LaTeX Info: Redefining \[ on input line 35.
LaTeX Info: Redefining \] on input line 35.
.................................................
. fontspec info: "setup-math"
. 
. Adjusting the maths setup (use [no-math] to avoid this).
.................................................
\symlegacymaths=\mathgroup6
LaTeX Font Info:    Overwriting symbol font `legacymaths' in version `bold'
(Font)                  OT1/cmr/m/n --> OT1/cmr/bx/n on input line 35.
LaTeX Font Info:    Redeclaring math accent \acute on input line 35.
LaTeX Font Info:    Redeclaring math accent \grave on input line 35.
LaTeX Font Info:    Redeclaring math accent \ddot on input line 35.
LaTeX Font Info:    Redeclaring math accent \tilde on input line 35.
LaTeX Font Info:    Redeclaring math accent \bar on input line 35.
LaTeX Font Info:    Redeclaring math accent \breve on input line 35.
LaTeX Font Info:    Redeclaring math accent \check on input line 35.
LaTeX Font Info:    Redeclaring math accent \hat on input line 35.
LaTeX Font Info:    Redeclaring math accent \dot on input line 35.
LaTeX Font Info:    Redeclaring math accent \mathring on input line 35.
LaTeX Font Info:    Redeclaring math symbol \Gamma on input line 35.
LaTeX Font Info:    Redeclaring math symbol \Delta on input line 35.
LaTeX Font Info:    Redeclaring math symbol \Theta on input line 35.
LaTeX Font Info:    Redeclaring math symbol \Lambda on input line 35.
LaTeX Font Info:    Redeclaring math symbol \Xi on input line 35.
LaTeX Font Info:    Redeclaring math symbol \Pi on input line 35.
LaTeX Font Info:    Redeclaring math symbol \Sigma on input line 35.
LaTeX Font Info:    Redeclaring math symbol \Upsilon on input line 35.
LaTeX Font Info:    Redeclaring math symbol \Phi on input line 35.
LaTeX Font Info:    Redeclaring math symbol \Psi on input line 35.
LaTeX Font Info:    Redeclaring math symbol \Omega on input line 35.
LaTeX Font Info:    Redeclaring math symbol \mathdollar on input line 35.
LaTeX Font Info:    Redeclaring symbol font `operators' on input line 35.
LaTeX Font Info:    Encoding `OT1' has changed to `EU1' for symbol font
(Font)              `operators' in the math version `normal' on input line 35.
LaTeX Font Info:    Overwriting symbol font `operators' in version `normal'
(Font)                  OT1/cmr/m/n --> EU1/lmr/m/n on input line 35.
LaTeX Font Info:    Encoding `OT1' has changed to `EU1' for symbol font
(Font)              `operators' in the math version `bold' on input line 35.
LaTeX Font Info:    Overwriting symbol font `operators' in version `bold'
(Font)                  OT1/cmr/bx/n --> EU1/lmr/m/n on input line 35.
LaTeX Font Info:    Overwriting symbol font `operators' in version `normal'
(Font)                  EU1/lmr/m/n --> EU1/lmr/m/n on input line 35.
LaTeX Font Info:    Overwriting math alphabet `\mathit' in version `normal'
(Font)                  OT1/cmr/m/it --> EU1/lmr/m/it on input line 35.
LaTeX Font Info:    Overwriting math alphabet `\mathbf' in version `normal'
(Font)                  OT1/cmr/bx/n --> EU1/lmr/bx/n on input line 35.
LaTeX Font Info:    Overwriting math alphabet `\mathsf' in version `normal'
(Font)                  OT1/cmss/m/n --> EU1/lmss/m/n on input line 35.
LaTeX Font Info:    Overwriting math alphabet `\mathtt' in version `normal'
(Font)                  OT1/cmtt/m/n --> EU1/lmtt/m/n on input line 35.
LaTeX Font Info:    Overwriting symbol font `operators' in version `bold'
(Font)                  EU1/lmr/m/n --> EU1/lmr/bx/n on input line 35.
LaTeX Font Info:    Overwriting math alphabet `\mathit' in version `bold'
(Font)                  OT1/cmr/bx/it --> EU1/lmr/bx/it on input line 35.
LaTeX Font Info:    Overwriting math alphabet `\mathsf' in version `bold'
(Font)                  OT1/cmss/bx/n --> EU1/lmss/bx/n on input line 35.
LaTeX Font Info:    Overwriting math alphabet `\mathtt' in version `bold'
(Font)                  OT1/cmtt/m/n --> EU1/lmtt/bx/n on input line 35.
\g__file_internal_ior=\read2
\g__fontspec_family_NanumMyeongjo_int=\count282
.................................................
. fontspec info: "no-font-shape"
. 
. Could not resolve font NanumMyeongjoExtraBold/I (it probably doesn't exist).
.................................................
.................................................
. fontspec info: "no-font-shape"
. 
. Could not resolve font NanumMyeongjo/I (it probably doesn't exist).
.................................................
.................................................
. fontspec info: "defining-font"
. 
. Font family 'NanumMyeongjo(0)' created for font 'NanumMyeongjo' with options
. [Ligatures=TeX,Renderer={OpenType},BoldFont={*ExtraBold}].
. 
. This font family consists of the following shapes:
. 
. * 'normal' with NFSS spec.:
. <->"NanumMyeongjo/OT:script=latn;language=DFLT;mapping=tex-text;"
. 
. * 'small caps' with NFSS spec.:
. 
. and font adjustment code:
. 
. 
. * 'bold' with NFSS spec.:
. <->"NanumMyeongjoExtraBold/OT:script=latn;language=DFLT;mapping=tex-text;"
. 
. * 'bold small caps' with NFSS spec.:
. 
. and font adjustment code:
. 
. 
. * 'bold italic' with NFSS spec.:
. <->"NanumMyeongjo/BI/OT:script=latn;language=DFLT;mapping=tex-text;"
. 
. * 'bold small caps' with NFSS spec.:
. 
. and font adjustment code:
. 
.................................................
.................................................
. fontspec info: "no-scripts"
. 
. Font NanumGothic does not contain any OpenType `Script' information.
.................................................
\g__fontspec_family_NanumGothic_int=\count283
.................................................
. fontspec info: "no-font-shape"
. 
. Could not resolve font NanumGothic/I (it probably doesn't exist).
.................................................
.................................................
. fontspec info: "defining-font"
. 
. Font family 'NanumGothic(0)' created for font 'NanumGothic' with options
. [Ligatures=TeX,Renderer={OpenType}].
. 
. This font family consists of the following shapes:
. 
. * 'normal' with NFSS spec.:
. <->"NanumGothic/OT:mapping=tex-text;"
. 
. * 'small caps' with NFSS spec.:
. 
. and font adjustment code:
. 
. 
. * 'bold' with NFSS spec.:
. <->"NanumGothic/B/OT:mapping=tex-text;"
. 
. * 'bold small caps' with NFSS spec.:
. 
. and font adjustment code:
. 
. 
. * 'bold italic' with NFSS spec.:
. <->"NanumGothic/BI/OT:mapping=tex-text;"
. 
. * 'bold small caps' with NFSS spec.:
. 
. and font adjustment code:
. 
.................................................
.................................................
. fontspec info: "no-scripts"
. 
. Font NanumGothic does not contain any OpenType `Script' information.
.................................................
\symmathhangul=\mathgroup7
LaTeX Font Info:    Overwriting symbol font `mathhangul' in version `bold'
(Font)                  EU1/NanumMyeongjo(0)/m/n --> EU1/NanumMyeongjo(0)/bx/n 
on input line 35.
LaTeX Font Info:    Try loading font information for U+msa on input line 43.

(c:/Program Files (x86)/texlive/2014/texmf-dist/tex/latex/amsfonts/umsa.fd
File: umsa.fd 2013/01/14 v3.01 AMS symbols A
)
LaTeX Font Info:    Try loading font information for U+msb on input line 43.

(c:/Program Files (x86)/texlive/2014/texmf-dist/tex/latex/amsfonts/umsb.fd
File: umsb.fd 2013/01/14 v3.01 AMS symbols B
)
[1

] [2

]
This exam contains 2 questions with 0 parts, 0 subparts, and 0 subsubparts.
(./advcal.aux)

LaTeX Warning: There were multiply-defined labels.

 ) 
Here is how much of TeX's memory you used:
 27840 strings out of 493724
 578537 string characters out of 6141171
 596329 words of memory out of 5000000
 30795 multiletter control sequences out of 15000+600000
 8504 words of font info for 59 fonts, out of 8000000 for 9000
 1328 hyphenation exceptions out of 8191
 68i,10n,86p,10396b,384s stack positions out of 5000i,500n,10000p,200000b,80000s

Output written on advcal.pdf (2 pages).
