\BOOKMARK [0][-]{chapter.1}{Chapter\0401.\040Topological\040vector\040spaces}{}% 1
\BOOKMARK [1][-]{section.1.1}{1.\040Elementary\040properties}{chapter.1}% 2
\BOOKMARK [1][-]{section.1.2}{2.\040Classification}{chapter.1}% 3
\BOOKMARK [1][-]{section.1.3}{3.\040Barreled\040spaces\040and\040bornological\040spaces}{chapter.1}% 4
\BOOKMARK [2][-]{subsection.1.3.1}{3.1.\040The\040Baire\040category\040theorem}{section.1.3}% 5
\BOOKMARK [2][-]{subsection.1.3.2}{3.2.\040Uniform\040boundedness\040principle}{section.1.3}% 6
\BOOKMARK [2][-]{subsection.1.3.3}{3.3.\040Open\040mapping\040theorem}{section.1.3}% 7
\BOOKMARK [0][-]{chapter.2}{Chapter\0402.\040Locally\040convex\040spaces}{}% 8
\BOOKMARK [1][-]{section.2.1}{1.\040Seminorms}{chapter.2}% 9
\BOOKMARK [1][-]{section.2.2}{2.\040The\040Hahn-Banach\040theorem}{chapter.2}% 10
\BOOKMARK [1][-]{section.2.3}{3.\040Weak\040topology}{chapter.2}% 11
\BOOKMARK [0][-]{chapter.3}{Chapter\0403.\040Operators\040on\040Hilbert\040spaces}{}% 12
\BOOKMARK [1][-]{section.3.1}{1.\040Spectral\040theory}{chapter.3}% 13
\BOOKMARK [2][-]{subsection.3.1.1}{1.1.\040Closed\040operators}{section.3.1}% 14
\BOOKMARK [3][-]{section*.1}{Properties\040of\040closed\040operators}{subsection.3.1.1}% 15
\BOOKMARK [3][-]{section*.2}{Decomposition\040of\040spectrum\040for\040closed\040operators}{subsection.3.1.1}% 16
\BOOKMARK [2][-]{subsection.3.1.2}{1.2.\040Densly\040defined\040operators}{section.3.1}% 17
\BOOKMARK [3][-]{section*.3}{Adjoint}{subsection.3.1.2}% 18
\BOOKMARK [2][-]{subsection.3.1.3}{1.3.\040Self-adjoint\040operators}{section.3.1}% 19
\BOOKMARK [1][-]{section.3.2}{2.\040Compact\040operators}{chapter.3}% 20
\BOOKMARK [1][-]{section.3.3}{3.\040Nuclear\040operators}{chapter.3}% 21
\BOOKMARK [0][-]{chapter.4}{Chapter\0404.\040Operator\040algebra}{}% 22
\BOOKMARK [1][-]{section.4.1}{1.\040Banach\040algebras}{chapter.4}% 23
\BOOKMARK [2][-]{subsection.4.1.1}{1.1.\040}{section.4.1}% 24
\BOOKMARK [2][-]{subsection.4.1.2}{1.2.\040Commutative\040Banach\040algebras}{section.4.1}% 25
\BOOKMARK [1][-]{section.4.2}{2.\040Functional\040calculus}{chapter.4}% 26
\BOOKMARK [2][-]{subsection.4.2.1}{2.1.\040Holomorphic\040functional\040calculus}{section.4.2}% 27
\BOOKMARK [2][-]{subsection.4.2.2}{2.2.\040Continuous\040functional\040calculus}{section.4.2}% 28
\BOOKMARK [2][-]{subsection.4.2.3}{2.3.\040Adjoint\040and\040spectra}{section.4.2}% 29
\BOOKMARK [1][-]{section.4.3}{3.\040The\040Gelfand-Naimark\040theorems}{chapter.4}% 30
\BOOKMARK [2][-]{subsection.4.3.1}{3.1.\040Commutative\040Banach\040algebras}{section.4.3}% 31
