This is XeTeX, Version 3.14159265-2.6-0.99991 (TeX Live 2014/W32TeX) (preloaded format=xelatex 2015.4.30)  13 SEP 2018 22:47
entering extended mode
 restricted \write18 enabled.
 %&-line parsing enabled.
**"differential geometry.tex"
(./differential geometry.tex
LaTeX2e <2014/05/01>
Babel <3.9l> and hyphenation patterns for 79 languages loaded.
(c:/Program Files (x86)/texlive/2014/texmf-dist/tex/latex/base/article.cls
Document Class: article 2014/09/29 v1.4h Standard LaTeX document class
(c:/Program Files (x86)/texlive/2014/texmf-dist/tex/latex/base/size11.clo
File: size11.clo 2014/09/29 v1.4h Standard LaTeX file (size option)
)
\c@part=\count80
\c@section=\count81
\c@subsection=\count82
\c@subsubsection=\count83
\c@paragraph=\count84
\c@subparagraph=\count85
\c@figure=\count86
\c@table=\count87
\abovecaptionskip=\skip41
\belowcaptionskip=\skip42
\bibindent=\dimen102
)
(../../header.tex
(c:/Program Files (x86)/texlive/2014/texmf-dist/tex/latex/amsfonts/amsfonts.sty
Package: amsfonts 2013/01/14 v3.01 Basic AMSFonts support
\@emptytoks=\toks14
\symAMSa=\mathgroup4
\symAMSb=\mathgroup5
LaTeX Font Info:    Overwriting math alphabet `\mathfrak' in version `bold'
(Font)                  U/euf/m/n --> U/euf/b/n on input line 106.
) (c:/Program Files (x86)/texlive/2014/texmf-dist/tex/latex/amsmath/amsmath.sty
Package: amsmath 2013/01/14 v2.14 AMS math features
\@mathmargin=\skip43
For additional information on amsmath, use the `?' option.
(c:/Program Files (x86)/texlive/2014/texmf-dist/tex/latex/amsmath/amstext.sty
Package: amstext 2000/06/29 v2.01

(c:/Program Files (x86)/texlive/2014/texmf-dist/tex/latex/amsmath/amsgen.sty
File: amsgen.sty 1999/11/30 v2.0
\@emptytoks=\toks15
\ex@=\dimen103
))
(c:/Program Files (x86)/texlive/2014/texmf-dist/tex/latex/amsmath/amsbsy.sty
Package: amsbsy 1999/11/29 v1.2d
\pmbraise@=\dimen104
)
(c:/Program Files (x86)/texlive/2014/texmf-dist/tex/latex/amsmath/amsopn.sty
Package: amsopn 1999/12/14 v2.01 operator names
)
\inf@bad=\count88
LaTeX Info: Redefining \frac on input line 210.
\uproot@=\count89
\leftroot@=\count90
LaTeX Info: Redefining \overline on input line 306.
\classnum@=\count91
\DOTSCASE@=\count92
LaTeX Info: Redefining \ldots on input line 378.
LaTeX Info: Redefining \dots on input line 381.
LaTeX Info: Redefining \cdots on input line 466.
\Mathstrutbox@=\box26
\strutbox@=\box27
\big@size=\dimen105
LaTeX Font Info:    Redeclaring font encoding OML on input line 566.
LaTeX Font Info:    Redeclaring font encoding OMS on input line 567.
\macc@depth=\count93
\c@MaxMatrixCols=\count94
\dotsspace@=\muskip10
\c@parentequation=\count95
\dspbrk@lvl=\count96
\tag@help=\toks16
\row@=\count97
\column@=\count98
\maxfields@=\count99
\andhelp@=\toks17
\eqnshift@=\dimen106
\alignsep@=\dimen107
\tagshift@=\dimen108
\tagwidth@=\dimen109
\totwidth@=\dimen110
\lineht@=\dimen111
\@envbody=\toks18
\multlinegap=\skip44
\multlinetaggap=\skip45
\mathdisplay@stack=\toks19
LaTeX Info: Redefining \[ on input line 2665.
LaTeX Info: Redefining \] on input line 2666.
)
(c:/Program Files (x86)/texlive/2014/texmf-dist/tex/latex/amsfonts/amssymb.sty
Package: amssymb 2013/01/14 v3.01 AMS font symbols
) (c:/Program Files (x86)/texlive/2014/texmf-dist/tex/latex/amscls/amsthm.sty
Package: amsthm 2009/07/02 v2.20.1
\thm@style=\toks20
\thm@bodyfont=\toks21
\thm@headfont=\toks22
\thm@notefont=\toks23
\thm@headpunct=\toks24
\thm@preskip=\skip46
\thm@postskip=\skip47
\thm@headsep=\skip48
\dth@everypar=\toks25
)
(c:/Program Files (x86)/texlive/2014/texmf-dist/tex/latex/mathtools/empheq.sty
Package: empheq 2014/07/16 v2.14 Emphasizing equations

(c:/Program Files (x86)/texlive/2014/texmf-dist/tex/latex/mathtools/mhsetup.sty
Package: mhsetup 2010/01/21 v1.2a programming setup (MH)
)
(c:/Program Files (x86)/texlive/2014/texmf-dist/tex/latex/mathtools/mathtools.s
ty
Package: mathtools 2014/07/16 v1.15 mathematical typesetting tools

(c:/Program Files (x86)/texlive/2014/texmf-dist/tex/latex/graphics/keyval.sty
Package: keyval 2014/10/28 v1.15 key=value parser (DPC)
\KV@toks@=\toks26
)
(c:/Program Files (x86)/texlive/2014/texmf-dist/tex/latex/tools/calc.sty
Package: calc 2014/10/28 v4.3 Infix arithmetic (KKT,FJ)
\calc@Acount=\count100
\calc@Bcount=\count101
\calc@Adimen=\dimen112
\calc@Bdimen=\dimen113
\calc@Askip=\skip49
\calc@Bskip=\skip50
LaTeX Info: Redefining \setlength on input line 75.
LaTeX Info: Redefining \addtolength on input line 76.
\calc@Ccount=\count102
\calc@Cskip=\skip51
)
LaTeX Info: Thecontrolsequence`\['isalreadyrobust on input line 129.
LaTeX Info: Thecontrolsequence`\]'isalreadyrobust on input line 129.
\g_MT_multlinerow_int=\count103
\l_MT_multwidth_dim=\dimen114
\origjot=\skip52
\l_MT_shortvdotswithinadjustabove_dim=\dimen115
\l_MT_shortvdotswithinadjustbelow_dim=\dimen116
\l_MT_above_intertext_sep=\dimen117
\l_MT_below_intertext_sep=\dimen118
\l_MT_above_shortintertext_sep=\dimen119
\l_MT_below_shortintertext_sep=\dimen120
)
\l_EQ_equationtype_int=\count104
\l_EQ_alignmentmode_int=\count105
\l_EQ_totalwidth_dim=\dimen121
\l_EQ_displaywidth_dim=\dimen122
\l_EQ_temp_linewidth_dim=\dimen123
\EmphEqdelimitershortfall=\dimen124
\EmphEqdelimiterfactor=\count106
\g_EQ_toptag_height_dim=\dimen125
\g_EQ_bottomtag_depth_dim=\dimen126
\g_EQ_toprow_height_dim=\dimen127
\g_EQ_bottomrow_depth_dim=\dimen128
\g_EQ_widesttag_dim=\dimen129
\EQ_mathdisplay_box=\box28
\EQ_tag_box=\box29
\g_EQ_temprow_int=\count107
)
(c:/Program Files (x86)/texlive/2014/texmf-dist/tex/latex/enumitem/enumitem.sty
Package: enumitem 2011/09/28 v3.5.2 Customized lists
\labelindent=\skip53
\enit@outerparindent=\dimen130
\enit@toks=\toks27
\enit@inbox=\box30
\enitdp@description=\count108
)
(c:/Program Files (x86)/texlive/2014/texmf-dist/tex/latex/geometry/geometry.sty
Package: geometry 2010/09/12 v5.6 Page Geometry
(c:/Program Files (x86)/texlive/2014/texmf-dist/tex/generic/oberdiek/ifpdf.sty
Package: ifpdf 2011/01/30 v2.3 Provides the ifpdf switch (HO)
Package ifpdf Info: pdfTeX in PDF mode is not detected.
)
(c:/Program Files (x86)/texlive/2014/texmf-dist/tex/generic/oberdiek/ifvtex.sty
Package: ifvtex 2010/03/01 v1.5 Detect VTeX and its facilities (HO)
Package ifvtex Info: VTeX not detected.
)
(c:/Program Files (x86)/texlive/2014/texmf-dist/tex/generic/ifxetex/ifxetex.sty
Package: ifxetex 2010/09/12 v0.6 Provides ifxetex conditional
)
\Gm@cnth=\count109
\Gm@cntv=\count110
\c@Gm@tempcnt=\count111
\Gm@bindingoffset=\dimen131
\Gm@wd@mp=\dimen132
\Gm@odd@mp=\dimen133
\Gm@even@mp=\dimen134
\Gm@layoutwidth=\dimen135
\Gm@layoutheight=\dimen136
\Gm@layouthoffset=\dimen137
\Gm@layoutvoffset=\dimen138
\Gm@dimlist=\toks28
)
(c:/Program Files (x86)/texlive/2014/texmf-dist/tex/latex/tcolorbox/tcolorbox.s
ty
Package: tcolorbox 2015/03/16 version 3.50 text color boxes

(c:/Program Files (x86)/texlive/2014/texmf-dist/tex/latex/pgf/basiclayer/pgf.st
y
(c:/Program Files (x86)/texlive/2014/texmf-dist/tex/latex/pgf/utilities/pgfrcs.
sty
(c:/Program Files (x86)/texlive/2014/texmf-dist/tex/generic/pgf/utilities/pgfut
il-common.tex
\pgfutil@everybye=\toks29
\pgfutil@tempdima=\dimen139
\pgfutil@tempdimb=\dimen140

(c:/Program Files (x86)/texlive/2014/texmf-dist/tex/generic/pgf/utilities/pgfut
il-common-lists.tex))
(c:/Program Files (x86)/texlive/2014/texmf-dist/tex/generic/pgf/utilities/pgfut
il-latex.def
\pgfutil@abb=\box31

(c:/Program Files (x86)/texlive/2014/texmf-dist/tex/latex/ms/everyshi.sty
Package: everyshi 2001/05/15 v3.00 EveryShipout Package (MS)
))
(c:/Program Files (x86)/texlive/2014/texmf-dist/tex/generic/pgf/utilities/pgfrc
s.code.tex
Package: pgfrcs 2013/12/20 v3.0.0 (rcs-revision 1.28)
))
Package: pgf 2013/12/18 v3.0.0 (rcs-revision 1.14)

(c:/Program Files (x86)/texlive/2014/texmf-dist/tex/latex/pgf/basiclayer/pgfcor
e.sty
(c:/Program Files (x86)/texlive/2014/texmf-dist/tex/latex/graphics/graphicx.sty
Package: graphicx 2014/10/28 v1.0g Enhanced LaTeX Graphics (DPC,SPQR)

(c:/Program Files (x86)/texlive/2014/texmf-dist/tex/latex/graphics/graphics.sty
Package: graphics 2014/10/28 v1.0p Standard LaTeX Graphics (DPC,SPQR)
(c:/Program Files (x86)/texlive/2014/texmf-dist/tex/latex/graphics/trig.sty
Package: trig 1999/03/16 v1.09 sin cos tan (DPC)
)
(c:/Program Files (x86)/texlive/2014/texmf-dist/tex/latex/latexconfig/graphics.
cfg
File: graphics.cfg 2010/04/23 v1.9 graphics configuration of TeX Live
)
Package graphics Info: Driver file: xetex.def on input line 91.

(c:/Program Files (x86)/texlive/2014/texmf-dist/tex/xelatex/xetex-def/xetex.def
File: xetex.def 2015/03/25 v4.04 LaTeX color/graphics driver for XeTeX (TeX Liv
e/RRM/JK)
))
\Gin@req@height=\dimen141
\Gin@req@width=\dimen142
)
(c:/Program Files (x86)/texlive/2014/texmf-dist/tex/latex/pgf/systemlayer/pgfsy
s.sty
(c:/Program Files (x86)/texlive/2014/texmf-dist/tex/generic/pgf/systemlayer/pgf
sys.code.tex
Package: pgfsys 2013/11/30 v3.0.0 (rcs-revision 1.47)

(c:/Program Files (x86)/texlive/2014/texmf-dist/tex/generic/pgf/utilities/pgfke
ys.code.tex
\pgfkeys@pathtoks=\toks30
\pgfkeys@temptoks=\toks31

(c:/Program Files (x86)/texlive/2014/texmf-dist/tex/generic/pgf/utilities/pgfke
ysfiltered.code.tex
\pgfkeys@tmptoks=\toks32
))
\pgf@x=\dimen143
\pgf@y=\dimen144
\pgf@xa=\dimen145
\pgf@ya=\dimen146
\pgf@xb=\dimen147
\pgf@yb=\dimen148
\pgf@xc=\dimen149
\pgf@yc=\dimen150
\w@pgf@writea=\write3
\r@pgf@reada=\read1
\c@pgf@counta=\count112
\c@pgf@countb=\count113
\c@pgf@countc=\count114
\c@pgf@countd=\count115
\t@pgf@toka=\toks33
\t@pgf@tokb=\toks34
\t@pgf@tokc=\toks35

(c:/Program Files (x86)/texlive/2014/texmf-dist/tex/generic/pgf/systemlayer/pgf
.cfg
File: pgf.cfg 2008/05/14  (rcs-revision 1.7)
)
Driver file for pgf: pgfsys-xetex.def

(c:/Program Files (x86)/texlive/2014/texmf-dist/tex/generic/pgf/systemlayer/pgf
sys-xetex.def
File: pgfsys-xetex.def 2013/07/16  (rcs-revision 1.9)

(c:/Program Files (x86)/texlive/2014/texmf-dist/tex/generic/pgf/systemlayer/pgf
sys-dvipdfmx.def
File: pgfsys-dvipdfmx.def 2013/08/28  (rcs-revision 1.12)

(c:/Program Files (x86)/texlive/2014/texmf-dist/tex/generic/pgf/systemlayer/pgf
sys-common-pdf.def
File: pgfsys-common-pdf.def 2013/10/10  (rcs-revision 1.13)
)
\pgfsys@objnum=\count116
)))
(c:/Program Files (x86)/texlive/2014/texmf-dist/tex/generic/pgf/systemlayer/pgf
syssoftpath.code.tex
File: pgfsyssoftpath.code.tex 2013/09/09  (rcs-revision 1.9)
\pgfsyssoftpath@smallbuffer@items=\count117
\pgfsyssoftpath@bigbuffer@items=\count118
)
(c:/Program Files (x86)/texlive/2014/texmf-dist/tex/generic/pgf/systemlayer/pgf
sysprotocol.code.tex
File: pgfsysprotocol.code.tex 2006/10/16  (rcs-revision 1.4)
))
(c:/Program Files (x86)/texlive/2014/texmf-dist/tex/latex/xcolor/xcolor.sty
Package: xcolor 2007/01/21 v2.11 LaTeX color extensions (UK)

(c:/Program Files (x86)/texlive/2014/texmf-dist/tex/latex/latexconfig/color.cfg
File: color.cfg 2007/01/18 v1.5 color configuration of teTeX/TeXLive
)
Package xcolor Info: Driver file: xetex.def on input line 225.
Package xcolor Info: Model `cmy' substituted by `cmy0' on input line 1337.
Package xcolor Info: Model `RGB' extended on input line 1353.
Package xcolor Info: Model `HTML' substituted by `rgb' on input line 1355.
Package xcolor Info: Model `Hsb' substituted by `hsb' on input line 1356.
Package xcolor Info: Model `tHsb' substituted by `hsb' on input line 1357.
Package xcolor Info: Model `HSB' substituted by `hsb' on input line 1358.
Package xcolor Info: Model `Gray' substituted by `gray' on input line 1359.
Package xcolor Info: Model `wave' substituted by `hsb' on input line 1360.
)
(c:/Program Files (x86)/texlive/2014/texmf-dist/tex/generic/pgf/basiclayer/pgfc
ore.code.tex
Package: pgfcore 2010/04/11 v3.0.0 (rcs-revision 1.7)

(c:/Program Files (x86)/texlive/2014/texmf-dist/tex/generic/pgf/math/pgfmath.co
de.tex
(c:/Program Files (x86)/texlive/2014/texmf-dist/tex/generic/pgf/math/pgfmathcal
c.code.tex
(c:/Program Files (x86)/texlive/2014/texmf-dist/tex/generic/pgf/math/pgfmathuti
l.code.tex)
(c:/Program Files (x86)/texlive/2014/texmf-dist/tex/generic/pgf/math/pgfmathpar
ser.code.tex
\pgfmath@dimen=\dimen151
\pgfmath@count=\count119
\pgfmath@box=\box32
\pgfmath@toks=\toks36
\pgfmath@stack@operand=\toks37
\pgfmath@stack@operation=\toks38
)
(c:/Program Files (x86)/texlive/2014/texmf-dist/tex/generic/pgf/math/pgfmathfun
ctions.code.tex
(c:/Program Files (x86)/texlive/2014/texmf-dist/tex/generic/pgf/math/pgfmathfun
ctions.basic.code.tex)
(c:/Program Files (x86)/texlive/2014/texmf-dist/tex/generic/pgf/math/pgfmathfun
ctions.trigonometric.code.tex)
(c:/Program Files (x86)/texlive/2014/texmf-dist/tex/generic/pgf/math/pgfmathfun
ctions.random.code.tex)
(c:/Program Files (x86)/texlive/2014/texmf-dist/tex/generic/pgf/math/pgfmathfun
ctions.comparison.code.tex)
(c:/Program Files (x86)/texlive/2014/texmf-dist/tex/generic/pgf/math/pgfmathfun
ctions.base.code.tex)
(c:/Program Files (x86)/texlive/2014/texmf-dist/tex/generic/pgf/math/pgfmathfun
ctions.round.code.tex)
(c:/Program Files (x86)/texlive/2014/texmf-dist/tex/generic/pgf/math/pgfmathfun
ctions.misc.code.tex)
(c:/Program Files (x86)/texlive/2014/texmf-dist/tex/generic/pgf/math/pgfmathfun
ctions.integerarithmetics.code.tex)))
(c:/Program Files (x86)/texlive/2014/texmf-dist/tex/generic/pgf/math/pgfmathflo
at.code.tex
\c@pgfmathroundto@lastzeros=\count120
))
(c:/Program Files (x86)/texlive/2014/texmf-dist/tex/generic/pgf/basiclayer/pgfc
orepoints.code.tex
File: pgfcorepoints.code.tex 2013/10/07  (rcs-revision 1.27)
\pgf@picminx=\dimen152
\pgf@picmaxx=\dimen153
\pgf@picminy=\dimen154
\pgf@picmaxy=\dimen155
\pgf@pathminx=\dimen156
\pgf@pathmaxx=\dimen157
\pgf@pathminy=\dimen158
\pgf@pathmaxy=\dimen159
\pgf@xx=\dimen160
\pgf@xy=\dimen161
\pgf@yx=\dimen162
\pgf@yy=\dimen163
\pgf@zx=\dimen164
\pgf@zy=\dimen165
)
(c:/Program Files (x86)/texlive/2014/texmf-dist/tex/generic/pgf/basiclayer/pgfc
orepathconstruct.code.tex
File: pgfcorepathconstruct.code.tex 2013/10/07  (rcs-revision 1.29)
\pgf@path@lastx=\dimen166
\pgf@path@lasty=\dimen167
)
(c:/Program Files (x86)/texlive/2014/texmf-dist/tex/generic/pgf/basiclayer/pgfc
orepathusage.code.tex
File: pgfcorepathusage.code.tex 2013/12/13  (rcs-revision 1.23)
\pgf@shorten@end@additional=\dimen168
\pgf@shorten@start@additional=\dimen169
)
(c:/Program Files (x86)/texlive/2014/texmf-dist/tex/generic/pgf/basiclayer/pgfc
orescopes.code.tex
File: pgfcorescopes.code.tex 2013/10/09  (rcs-revision 1.44)
\pgfpic=\box33
\pgf@hbox=\box34
\pgf@layerbox@main=\box35
\pgf@picture@serial@count=\count121
)
(c:/Program Files (x86)/texlive/2014/texmf-dist/tex/generic/pgf/basiclayer/pgfc
oregraphicstate.code.tex
File: pgfcoregraphicstate.code.tex 2013/09/19  (rcs-revision 1.11)
\pgflinewidth=\dimen170
)
(c:/Program Files (x86)/texlive/2014/texmf-dist/tex/generic/pgf/basiclayer/pgfc
oretransformations.code.tex
File: pgfcoretransformations.code.tex 2013/10/10  (rcs-revision 1.17)
\pgf@pt@x=\dimen171
\pgf@pt@y=\dimen172
\pgf@pt@temp=\dimen173
)
(c:/Program Files (x86)/texlive/2014/texmf-dist/tex/generic/pgf/basiclayer/pgfc
orequick.code.tex
File: pgfcorequick.code.tex 2008/10/09  (rcs-revision 1.3)
)
(c:/Program Files (x86)/texlive/2014/texmf-dist/tex/generic/pgf/basiclayer/pgfc
oreobjects.code.tex
File: pgfcoreobjects.code.tex 2006/10/11  (rcs-revision 1.2)
)
(c:/Program Files (x86)/texlive/2014/texmf-dist/tex/generic/pgf/basiclayer/pgfc
orepathprocessing.code.tex
File: pgfcorepathprocessing.code.tex 2013/09/09  (rcs-revision 1.9)
)
(c:/Program Files (x86)/texlive/2014/texmf-dist/tex/generic/pgf/basiclayer/pgfc
orearrows.code.tex
File: pgfcorearrows.code.tex 2013/11/07  (rcs-revision 1.40)
\pgfarrowsep=\dimen174
)
(c:/Program Files (x86)/texlive/2014/texmf-dist/tex/generic/pgf/basiclayer/pgfc
oreshade.code.tex
File: pgfcoreshade.code.tex 2013/07/15  (rcs-revision 1.15)
\pgf@max=\dimen175
\pgf@sys@shading@range@num=\count122
)
(c:/Program Files (x86)/texlive/2014/texmf-dist/tex/generic/pgf/basiclayer/pgfc
oreimage.code.tex
File: pgfcoreimage.code.tex 2013/07/15  (rcs-revision 1.18)

(c:/Program Files (x86)/texlive/2014/texmf-dist/tex/generic/pgf/basiclayer/pgfc
oreexternal.code.tex
File: pgfcoreexternal.code.tex 2013/07/15  (rcs-revision 1.20)
\pgfexternal@startupbox=\box36
))
(c:/Program Files (x86)/texlive/2014/texmf-dist/tex/generic/pgf/basiclayer/pgfc
orelayers.code.tex
File: pgfcorelayers.code.tex 2013/07/18  (rcs-revision 1.7)
)
(c:/Program Files (x86)/texlive/2014/texmf-dist/tex/generic/pgf/basiclayer/pgfc
oretransparency.code.tex
File: pgfcoretransparency.code.tex 2013/09/30  (rcs-revision 1.5)
)
(c:/Program Files (x86)/texlive/2014/texmf-dist/tex/generic/pgf/basiclayer/pgfc
orepatterns.code.tex
File: pgfcorepatterns.code.tex 2013/11/07  (rcs-revision 1.5)
)))
(c:/Program Files (x86)/texlive/2014/texmf-dist/tex/generic/pgf/modules/pgfmodu
leshapes.code.tex
File: pgfmoduleshapes.code.tex 2013/10/31  (rcs-revision 1.34)
\pgfnodeparttextbox=\box37
)
(c:/Program Files (x86)/texlive/2014/texmf-dist/tex/generic/pgf/modules/pgfmodu
leplot.code.tex
File: pgfmoduleplot.code.tex 2013/07/31  (rcs-revision 1.12)
)
(c:/Program Files (x86)/texlive/2014/texmf-dist/tex/latex/pgf/compatibility/pgf
comp-version-0-65.sty
Package: pgfcomp-version-0-65 2007/07/03 v3.0.0 (rcs-revision 1.7)
\pgf@nodesepstart=\dimen176
\pgf@nodesepend=\dimen177
)
(c:/Program Files (x86)/texlive/2014/texmf-dist/tex/latex/pgf/compatibility/pgf
comp-version-1-18.sty
Package: pgfcomp-version-1-18 2007/07/23 v3.0.0 (rcs-revision 1.1)
))
(c:/Program Files (x86)/texlive/2014/texmf-dist/tex/latex/tools/verbatim.sty
Package: verbatim 2014/10/28 v1.5q LaTeX2e package for verbatim enhancements
\every@verbatim=\toks39
\verbatim@line=\toks40
\verbatim@in@stream=\read2
)
(c:/Program Files (x86)/texlive/2014/texmf-dist/tex/latex/environ/environ.sty
Package: environ 2014/05/04 v0.3 A new way to define environments

(c:/Program Files (x86)/texlive/2014/texmf-dist/tex/latex/trimspaces/trimspaces
.sty
Package: trimspaces 2009/09/17 v1.1 Trim spaces around a token list
))
(c:/Program Files (x86)/texlive/2014/texmf-dist/tex/latex/etoolbox/etoolbox.sty
Package: etoolbox 2015/03/19 v2.1d e-TeX tools for LaTeX (JAW)
(c:/Program Files (x86)/texlive/2014/texmf-dist/tex/latex/etex-pkg/etex.sty
Package: etex 2015/03/02 v2.1 eTeX basic definition package (PEB,DPC)
\et@xins=\count123
)
\etb@tempcnta=\count124
)
\tcb@titlebox=\box38
\tcb@upperbox=\box39
\tcb@lowerbox=\box40
\tcb@phantombox=\box41
\c@tcbbreakpart=\count125
\c@tcblayer=\count126
\tcb@temp=\box42
\tcb@temp=\box43
\tcb@temp=\box44
\tcb@temp=\box45
\tcb@out=\write4
\tcb@record@out=\write5

(c:/Program Files (x86)/texlive/2014/texmf-dist/tex/latex/tcolorbox/tcbraster.c
ode.tex
Library (tcolorbox): 'tcbraster.code.tex' version '3.50'
\c@tcbrastercolumn=\count127
\c@tcbrasterrow=\count128
\c@tcbraster=\count129
)
(c:/Program Files (x86)/texlive/2014/texmf-dist/tex/latex/tcolorbox/tcbskins.co
de.tex
Library (tcolorbox): 'tcbskins.code.tex' version '3.50'

(c:/Program Files (x86)/texlive/2014/texmf-dist/tex/latex/pgf/frontendlayer/tik
z.sty
(c:/Program Files (x86)/texlive/2014/texmf-dist/tex/latex/pgf/utilities/pgffor.
sty
(c:/Program Files (x86)/texlive/2014/texmf-dist/tex/latex/pgf/utilities/pgfkeys
.sty
(c:/Program Files (x86)/texlive/2014/texmf-dist/tex/generic/pgf/utilities/pgfke
ys.code.tex))
(c:/Program Files (x86)/texlive/2014/texmf-dist/tex/latex/pgf/math/pgfmath.sty
(c:/Program Files (x86)/texlive/2014/texmf-dist/tex/generic/pgf/math/pgfmath.co
de.tex))
(c:/Program Files (x86)/texlive/2014/texmf-dist/tex/generic/pgf/utilities/pgffo
r.code.tex
Package: pgffor 2013/12/13 v3.0.0 (rcs-revision 1.25)

(c:/Program Files (x86)/texlive/2014/texmf-dist/tex/generic/pgf/math/pgfmath.co
de.tex)
\pgffor@iter=\dimen178
\pgffor@skip=\dimen179
\pgffor@stack=\toks41
\pgffor@toks=\toks42
))
(c:/Program Files (x86)/texlive/2014/texmf-dist/tex/generic/pgf/frontendlayer/t
ikz/tikz.code.tex
Package: tikz 2013/12/13 v3.0.0 (rcs-revision 1.142)

(c:/Program Files (x86)/texlive/2014/texmf-dist/tex/generic/pgf/libraries/pgfli
braryplothandlers.code.tex
File: pgflibraryplothandlers.code.tex 2013/08/31 v3.0.0 (rcs-revision 1.20)
\pgf@plot@mark@count=\count130
\pgfplotmarksize=\dimen180
)
\tikz@lastx=\dimen181
\tikz@lasty=\dimen182
\tikz@lastxsaved=\dimen183
\tikz@lastysaved=\dimen184
\tikzleveldistance=\dimen185
\tikzsiblingdistance=\dimen186
\tikz@figbox=\box46
\tikz@figbox@bg=\box47
\tikz@tempbox=\box48
\tikz@tempbox@bg=\box49
\tikztreelevel=\count131
\tikznumberofchildren=\count132
\tikznumberofcurrentchild=\count133
\tikz@fig@count=\count134

(c:/Program Files (x86)/texlive/2014/texmf-dist/tex/generic/pgf/modules/pgfmodu
lematrix.code.tex
File: pgfmodulematrix.code.tex 2013/09/17  (rcs-revision 1.8)
\pgfmatrixcurrentrow=\count135
\pgfmatrixcurrentcolumn=\count136
\pgf@matrix@numberofcolumns=\count137
)
\tikz@expandcount=\count138

(c:/Program Files (x86)/texlive/2014/texmf-dist/tex/generic/pgf/frontendlayer/t
ikz/libraries/tikzlibrarytopaths.code.tex
File: tikzlibrarytopaths.code.tex 2008/06/17 v3.0.0 (rcs-revision 1.2)
)))
\tcb@waterbox=\box50

(c:/Program Files (x86)/texlive/2014/texmf-dist/tex/latex/tcolorbox/tcbskinsjig
saw.code.tex
Library (tcolorbox): 'tcbskinsjigsaw.code.tex' version '3.50'
))
(c:/Program Files (x86)/texlive/2014/texmf-dist/tex/latex/tcolorbox/tcbbreakabl
e.code.tex
Library (tcolorbox): 'tcbbreakable.code.tex' version '3.50'
\tcb@testbox=\box51
\tcb@totalupperbox=\box52
\tcb@totallowerbox=\box53
)
(c:/Program Files (x86)/texlive/2014/texmf-dist/tex/latex/tcolorbox/tcbhooks.co
de.tex
Library (tcolorbox): 'tcbhooks.code.tex' version '3.50'
)
(c:/Program Files (x86)/texlive/2014/texmf-dist/tex/latex/tcolorbox/tcbtheorems
.code.tex
Library (tcolorbox): 'tcbtheorems.code.tex' version '3.50'
)
(c:/Program Files (x86)/texlive/2014/texmf-dist/tex/latex/tcolorbox/tcbfitting.
code.tex
Library (tcolorbox): 'tcbfitting.code.tex' version '3.50'
\tcbfitdim=\dimen187
\tcb@lowerfitdim=\dimen188
\tcb@upperfitdim=\dimen189
\tcb@cur@hbadness=\count139
)
(c:/Program Files (x86)/texlive/2014/texmf-dist/tex/latex/tcolorbox/tcbxparse.c
ode.tex
Library (tcolorbox): 'tcbxparse.code.tex' version '3.50'

(c:/Program Files (x86)/texlive/2014/texmf-dist/tex/latex/l3packages/xparse/xpa
rse.sty
(c:/Program Files (x86)/texlive/2014/texmf-dist/tex/latex/l3kernel/expl3.sty
Package: expl3 2015/03/01 v5547 L3 programming layer (loader) 

(c:/Program Files (x86)/texlive/2014/texmf-dist/tex/latex/l3kernel/expl3-code.t
ex
Package: expl3 2015/03/01 v5547 L3 programming layer (code) 
L3 Module: l3bootstrap 2015/02/28 v5542 L3 Bootstrap code
L3 Module: l3names 2015/02/24 v5535 L3 Namespace for primitives
L3 Module: l3basics 2015/01/27 v5500 L3 Basic definitions
L3 Module: l3expan 2014/11/27 v5472 L3 Argument expansion
L3 Module: l3tl 2015/01/27 v5500 L3 Token lists
L3 Module: l3str 2015/03/01 v5545 L3 Strings
L3 Module: l3seq 2014/08/23 v5354 L3 Sequences and stacks
L3 Module: l3int 2015/02/21 v5529 L3 Integers
\c_max_int=\count140
\l_tmpa_int=\count141
\l_tmpb_int=\count142
\g_tmpa_int=\count143
\g_tmpb_int=\count144
L3 Module: l3quark 2014/08/23 v5354 L3 Quarks
L3 Module: l3prg 2014/08/23 v5354 L3 Control structures
\g__prg_map_int=\count145
L3 Module: l3clist 2014/08/23 v5354 L3 Comma separated lists
L3 Module: l3token 2014/09/15 v5422 L3 Experimental token manipulation
L3 Module: l3prop 2014/08/23 v5354 L3 Property lists
L3 Module: l3msg 2015/02/26 v5537 L3 Messages
L3 Module: l3file 2014/08/24 v5369 L3 File and I/O operations
\l_iow_line_count_int=\count146
\l__iow_target_count_int=\count147
\l__iow_current_line_int=\count148
\l__iow_current_word_int=\count149
\l__iow_current_indentation_int=\count150
L3 Module: l3skip 2014/08/23 v5354 L3 Dimensions and skips
\c_zero_dim=\dimen190
\c_max_dim=\dimen191
\l_tmpa_dim=\dimen192
\l_tmpb_dim=\dimen193
\g_tmpa_dim=\dimen194
\g_tmpb_dim=\dimen195
\c_zero_skip=\skip54
\c_max_skip=\skip55
\l_tmpa_skip=\skip56
\l_tmpb_skip=\skip57
\g_tmpa_skip=\skip58
\g_tmpb_skip=\skip59
\c_zero_muskip=\muskip11
\c_max_muskip=\muskip12
\l_tmpa_muskip=\muskip13
\l_tmpb_muskip=\muskip14
\g_tmpa_muskip=\muskip15
\g_tmpb_muskip=\muskip16
L3 Module: l3keys 2015/01/27 v5500 L3 Key-value interfaces
\g__keyval_level_int=\count151
\l_keys_choice_int=\count152
L3 Module: l3fp 2014/08/22 v5336 L3 Floating points
\c__fp_leading_shift_int=\count153
\c__fp_middle_shift_int=\count154
\c__fp_trailing_shift_int=\count155
\c__fp_big_leading_shift_int=\count156
\c__fp_big_middle_shift_int=\count157
\c__fp_big_trailing_shift_int=\count158
\c__fp_Bigg_leading_shift_int=\count159
\c__fp_Bigg_middle_shift_int=\count160
\c__fp_Bigg_trailing_shift_int=\count161
L3 Module: l3box 2014/08/23 v5354 L3 Experimental boxes
\c_empty_box=\box54
\l_tmpa_box=\box55
\l_tmpb_box=\box56
\g_tmpa_box=\box57
\g_tmpb_box=\box58
L3 Module: l3coffins 2014/08/23 v5354 L3 Coffin code layer
\l__coffin_internal_box=\box59
\l__coffin_internal_dim=\dimen196
\l__coffin_offset_x_dim=\dimen197
\l__coffin_offset_y_dim=\dimen198
\l__coffin_x_dim=\dimen199
\l__coffin_y_dim=\dimen200
\l__coffin_x_prime_dim=\dimen201
Normal \dimen register pool exhausted, switching to extended pool.
\l__coffin_y_prime_dim=\dimen256
\c_empty_coffin=\box60
\l__coffin_aligned_coffin=\box61
\l__coffin_aligned_internal_coffin=\box62
\l_tmpa_coffin=\box63
\l_tmpb_coffin=\box64
\l__coffin_display_coffin=\box65
\l__coffin_display_coord_coffin=\box66
\l__coffin_display_pole_coffin=\box67
\l__coffin_display_offset_dim=\dimen257
\l__coffin_display_x_dim=\dimen258
\l__coffin_display_y_dim=\dimen259
L3 Module: l3color 2014/08/23 v5354 L3 Experimental color support
L3 Module: l3candidates 2015/03/01 v5544 L3 Experimental additions to l3kernel
\l__box_top_dim=\dimen260
\l__box_bottom_dim=\dimen261
\l__box_left_dim=\dimen262
\l__box_right_dim=\dimen263
\l__box_top_new_dim=\dimen264
\l__box_bottom_new_dim=\dimen265
\l__box_left_new_dim=\dimen266
\l__box_right_new_dim=\dimen267
\l__box_internal_box=\box68
\l__coffin_bounding_shift_dim=\dimen268
\l__coffin_left_corner_dim=\dimen269
\l__coffin_right_corner_dim=\dimen270
\l__coffin_bottom_corner_dim=\dimen271
\l__coffin_top_corner_dim=\dimen272
\l__coffin_scaled_total_height_dim=\dimen273
\l__coffin_scaled_width_dim=\dimen274
)
(c:/Program Files (x86)/texlive/2014/texmf-dist/tex/latex/l3kernel/l3unicode-da
ta.def
File: l3unicode-data.def 2015/03/01 v5544 L3 Unicode data
)
(c:/Program Files (x86)/texlive/2014/texmf-dist/tex/latex/l3kernel/l3xdvipdfmx.
def
File: l3xdvidpfmx.def 2015/03/01 v5544 L3 Experimental driver: xdvipdfmx
))
Package: xparse 2014/11/25 v5471 L3 Experimental document command parser
\l__xparse_current_arg_int=\count162
\l__xparse_m_args_int=\count163
\l__xparse_mandatory_args_int=\count164
\l__xparse_processor_int=\count165
\l__xparse_v_nesting_int=\count166
)
.................................................
. LaTeX info: "xparse/define-command"
. 
. Defining command \tcboxverb with sig. ' O{} v ' on line 128.
.................................................
))
(c:/Program Files (x86)/texlive/2014/texmf-dist/tex/latex/tikz-cd/tikz-cd.sty
Package: tikz-cd 2014/10/30 v0.9e Commutative diagrams with tikz

(c:/Program Files (x86)/texlive/2014/texmf-dist/tex/generic/tikz-cd/tikzlibrary
cd.code.tex
(c:/Program Files (x86)/texlive/2014/texmf-dist/tex/generic/pgf/frontendlayer/t
ikz/libraries/tikzlibrarymatrix.code.tex
File: tikzlibrarymatrix.code.tex 2013/07/12 v3.0.0 (rcs-revision 1.4)
)
(c:/Program Files (x86)/texlive/2014/texmf-dist/tex/generic/pgf/frontendlayer/t
ikz/libraries/tikzlibraryquotes.code.tex
File: tikzlibraryquotes.code.tex 2013/08/28 v3.0.0 (rcs-revision 1.3)
)
(c:/Program Files (x86)/texlive/2014/texmf-dist/tex/generic/pgf/libraries/pgfli
braryarrows.meta.code.tex
File: pgflibraryarrows.meta.code.tex 2013/12/13 v3.0.0 (rcs-revision 1.12)
\pgfarrowinset=\dimen275
\pgfarrowlength=\dimen276
\pgfarrowwidth=\dimen277
\pgfarrowlinewidth=\dimen278
)))
\c@thm=\count167
\c@prob=\count168
.................................................
. LaTeX info: "xparse/define-command"
. 
. Defining command \Step with sig. ' r[] +m ' on line 39.
.................................................
\c@condi=\count169
\enitdp@cond=\count170
\c@exeri=\count171
\c@exerii=\count172
\enitdp@exer=\count173
.................................................
. LaTeX info: "xparse/define-environment"
. 
. Defining environment 'cd' with sig. '' on line 56.
.................................................
.................................................
. LaTeX info: "xparse/define-command"
. 
. Defining command \pd with sig. ' o g g g ' on line 80.
.................................................
.................................................
. LaTeX info: "xparse/define-command"
. 
. Defining command \dd with sig. ' o g g g ' on line 90.
.................................................
.................................................
. LaTeX info: "xparse/define-command"
. 
. Defining command \abs with sig. 'm' on line 127.
.................................................
.................................................
. LaTeX info: "xparse/define-command"
. 
. Defining command \norm with sig. 'm' on line 128.
.................................................
.................................................
. LaTeX info: "xparse/define-command"
. 
. Defining command \flr with sig. 'm' on line 129.
.................................................
.................................................
. LaTeX info: "xparse/define-command"
. 
. Defining command \ceil with sig. 'm' on line 130.
.................................................
.................................................
. LaTeX info: "xparse/define-command"
. 
. Defining command \inn with sig. 'mm' on line 131.
.................................................
) (../prb.tex
\c@prb=\count174
\c@ques=\count175

(c:/Program Files (x86)/texlive/2014/texmf-dist/tex/latex/changepage/changepage
.sty
Package: changepage 2009/10/20 v1.0c check page and change page layout
\c@cp@cntr=\count176
\cp@tempcnt=\count177
)
.................................................
. LaTeX info: "xparse/define-environment"
. 
. Defining environment 'prb' with sig. '+o' on line 42.
.................................................
.................................................
. LaTeX info: "xparse/define-environment"
. 
. Defining environment 'sol' with sig. '' on line 50.
.................................................
.................................................
. LaTeX info: "xparse/redefine-command"
. 
. Redefining command \q with sig. '' on line 60.
.................................................
.................................................
. LaTeX info: "xparse/define-command"
. 
. Defining command \mtprb with sig. '' on line 68.
.................................................

(c:/Program Files (x86)/texlive/2014/texmf-dist/tex/latex/fancyhdr/fancyhdr.sty
\fancy@headwidth=\skip60
\f@ncyO@elh=\skip61
\f@ncyO@erh=\skip62
\f@ncyO@olh=\skip63
\f@ncyO@orh=\skip64
\f@ncyO@elf=\skip65
\f@ncyO@erf=\skip66
\f@ncyO@olf=\skip67
\f@ncyO@orf=\skip68
)) (./differential geometry.aux)
\openout1 = `"differential geometry.aux"'.

LaTeX Font Info:    Checking defaults for OML/cmm/m/it on input line 7.
LaTeX Font Info:    ... okay on input line 7.
LaTeX Font Info:    Checking defaults for T1/cmr/m/n on input line 7.
LaTeX Font Info:    ... okay on input line 7.
LaTeX Font Info:    Checking defaults for OT1/cmr/m/n on input line 7.
LaTeX Font Info:    ... okay on input line 7.
LaTeX Font Info:    Checking defaults for OMS/cmsy/m/n on input line 7.
LaTeX Font Info:    ... okay on input line 7.
LaTeX Font Info:    Checking defaults for OMX/cmex/m/n on input line 7.
LaTeX Font Info:    ... okay on input line 7.
LaTeX Font Info:    Checking defaults for U/cmr/m/n on input line 7.
LaTeX Font Info:    ... okay on input line 7.
\Hy@linkcounter=\count178
LaTeX Info: Redefining \[ on input line 7.
LaTeX Info: Redefining \] on input line 7.

*geometry* driver: auto-detecting
*geometry* detected driver: xetex
*geometry* verbose mode - [ preamble ] result:
* driver: xetex
* paper: <default>
* layout: <same size as paper>
* layoutoffset:(h,v)=(0.0pt,0.0pt)
* modes: 
* h-part:(L,W,R)=(100.0pt, 414.295pt, 100.0pt)
* v-part:(T,H,B)=(100.0pt, 594.96999pt, 100.0pt)
* \paperwidth=614.295pt
* \paperheight=794.96999pt
* \textwidth=414.295pt
* \textheight=594.96999pt
* \oddsidemargin=27.73001pt
* \evensidemargin=27.73001pt
* \topmargin=-9.26999pt
* \headheight=12.0pt
* \headsep=25.0pt
* \topskip=11.0pt
* \footskip=30.0pt
* \marginparwidth=59.0pt
* \marginparsep=10.0pt
* \columnsep=10.0pt
* \skip\footins=10.0pt plus 4.0pt minus 2.0pt
* \hoffset=0.0pt
* \voffset=0.0pt
* \mag=1000
* \@twocolumnfalse
* \@twosidefalse
* \@mparswitchfalse
* \@reversemarginfalse
* (1in=72.27pt=25.4mm, 1cm=28.453pt)

ABD: EveryShipout initializing macros
LaTeX Font Info:    Try loading font information for U+msa on input line 8.

(c:/Program Files (x86)/texlive/2014/texmf-dist/tex/latex/amsfonts/umsa.fd
File: umsa.fd 2013/01/14 v3.01 AMS symbols A
)
LaTeX Font Info:    Try loading font information for U+msb on input line 8.

(c:/Program Files (x86)/texlive/2014/texmf-dist/tex/latex/amsfonts/umsb.fd
File: umsb.fd 2013/01/14 v3.01 AMS symbols B
)

Package Fancyhdr Warning: \headheight is too small (12.0pt): 
 Make it at least 13.59999pt.
 We now make it that large for the rest of the document.
 This may cause the page layout to be inconsistent, however.

[1

] (./differential geometry.toc)
\tf@toc=\write6
\openout6 = `"differential geometry.toc"'.



Package Fancyhdr Warning: \headheight is too small (12.0pt): 
 Make it at least 13.59999pt.
 We now make it that large for the rest of the document.
 This may cause the page layout to be inconsistent, however.

[2]

Package Fancyhdr Warning: \headheight is too small (12.0pt): 
 Make it at least 13.59999pt.
 We now make it that large for the rest of the document.
 This may cause the page layout to be inconsistent, however.

[3]

Package Fancyhdr Warning: \headheight is too small (12.0pt): 
 Make it at least 13.59999pt.
 We now make it that large for the rest of the document.
 This may cause the page layout to be inconsistent, however.

[4]

Package Fancyhdr Warning: \headheight is too small (12.0pt): 
 Make it at least 13.59999pt.
 We now make it that large for the rest of the document.
 This may cause the page layout to be inconsistent, however.

[5]
Overfull \hbox (111.86778pt too wide) detected at line 88
\OMS/cmsy/m/n/10.95 r[]\OML/cmm/m/it/10.95 f \OT1/cmr/m/n/10.95 = [\OMS/cmsy/m/
n/10.95 r\OT1/cmr/m/n/10.95 (\OMS/cmsy/m/n/10.95 r\OML/cmm/m/it/10.95 f\OT1/cmr
/m/n/10.95 )](\OML/cmm/m/it/10.95 X; Y\OT1/cmr/m/n/10.95 ) = [] = [] = \OMS/cms
y/m/n/10.95 r[] [] ^^@ [] \OT1/cmr/m/n/10.95 = \OML/cmm/m/it/10.95 XYf \OMS/cms
y/m/n/10.95 ^^@ \OT1/cmr/m/n/10.95 (\OMS/cmsy/m/n/10.95 r[]\OML/cmm/m/it/10.95 
Y\OT1/cmr/m/n/10.95 )\OML/cmm/m/it/10.95 f:
 []


Package Fancyhdr Warning: \headheight is too small (12.0pt): 
 Make it at least 13.59999pt.
 We now make it that large for the rest of the document.
 This may cause the page layout to be inconsistent, however.

[6]
LaTeX Font Info:    Try loading font information for U+euf on input line 133.
 (c:/Program Files (x86)/texlive/2014/texmf-dist/tex/latex/amsfonts/ueuf.fd
File: ueuf.fd 2013/01/14 v3.01 Euler Fraktur
)

Package Fancyhdr Warning: \headheight is too small (12.0pt): 
 Make it at least 13.59999pt.
 We now make it that large for the rest of the document.
 This may cause the page layout to be inconsistent, however.

[7]

Package Fancyhdr Warning: \headheight is too small (12.0pt): 
 Make it at least 13.59999pt.
 We now make it that large for the rest of the document.
 This may cause the page layout to be inconsistent, however.

[8]

Package Fancyhdr Warning: \headheight is too small (12.0pt): 
 Make it at least 13.59999pt.
 We now make it that large for the rest of the document.
 This may cause the page layout to be inconsistent, however.

[9]

Package Fancyhdr Warning: \headheight is too small (12.0pt): 
 Make it at least 13.59999pt.
 We now make it that large for the rest of the document.
 This may cause the page layout to be inconsistent, however.

[10] (./differential geometry.aux) ) 
Here is how much of TeX's memory you used:
 23798 strings out of 493724
 504217 string characters out of 6141171
 558566 words of memory out of 5000000
 26792 multiletter control sequences out of 15000+600000
 12753 words of font info for 48 fonts, out of 8000000 for 9000
 1328 hyphenation exceptions out of 8191
 60i,12n,93p,10461b,336s stack positions out of 5000i,500n,10000p,200000b,80000s

Output written on differential geometry.pdf (10 pages).
