\BOOKMARK [0][-]{chapter.1}{Chapter\0401.\040Topological\040structures}{}% 1
\BOOKMARK [1][-]{section.1.1}{1.\040Definition\040of\040topology}{chapter.1}% 2
\BOOKMARK [2][-]{subsection.1.1.1}{1.1.\040Metric\040spaces}{section.1.1}% 3
\BOOKMARK [2][-]{subsection.1.1.2}{1.2.\040Filters}{section.1.1}% 4
\BOOKMARK [2][-]{subsection.1.1.3}{1.3.\040Topologies}{section.1.1}% 5
\BOOKMARK [2][-]{subsection.1.1.4}{1.4.\040Base\040and\040subbase}{section.1.1}% 6
\BOOKMARK [1][-]{section.1.2}{2.\040Topological\040spaces}{chapter.1}% 7
\BOOKMARK [2][-]{subsection.1.2.1}{2.1.\040Open\040sets\040and\040neighborhoods}{section.1.2}% 8
\BOOKMARK [2][-]{subsection.1.2.2}{2.2.\040Closed\040sets\040and\040limit\040points}{section.1.2}% 9
\BOOKMARK [2][-]{subsection.1.2.3}{2.3.\040Interior\040and\040closure}{section.1.2}% 10
\BOOKMARK [1][-]{section.1.3}{3.\040Uniform\040spaces}{chapter.1}% 11
\BOOKMARK [2][-]{subsection.1.3.1}{3.1.\040Uniformness\040of\040metric}{section.1.3}% 12
\BOOKMARK [2][-]{subsection.1.3.2}{3.2.\040Entourages}{section.1.3}% 13
\BOOKMARK [2][-]{subsection.1.3.3}{3.3.\040Pseudometrics\040I}{section.1.3}% 14
\BOOKMARK [2][-]{subsection.1.3.4}{3.4.\040Pseudometrics\040II}{section.1.3}% 15
\BOOKMARK [2][-]{subsection.1.3.5}{3.5.\040Algebraic\040structures\040with\040topology}{section.1.3}% 16
\BOOKMARK [2][-]{subsection.1.3.6}{3.6.\040Norms\040and\040seminorms}{section.1.3}% 17
\BOOKMARK [2][-]{subsection.1.3.7}{3.7.\040Uniform\040continuity}{section.1.3}% 18
\BOOKMARK [2][-]{subsection.1.3.8}{3.8.\040Constructions}{section.1.3}% 19
\BOOKMARK [0][-]{chapter.2}{Chapter\0402.\040Continuity}{}% 20
\BOOKMARK [1][-]{subsection.2.0.9}{0.9.\040Subspace\040topology}{chapter.2}% 21
\BOOKMARK [2][-]{subsection.2.0.10}{0.10.\040Quotient\040topology}{subsection.2.0.9}% 22
\BOOKMARK [2][-]{subsection.2.0.11}{0.11.\040Product\040topology}{subsection.2.0.9}% 23
\BOOKMARK [0][-]{chapter.3}{Chapter\0403.\040Convergence}{}% 24
\BOOKMARK [0][-]{chapter.4}{Chapter\0404.\040Compactness}{}% 25
\BOOKMARK [1][-]{subsection.4.0.12}{0.12.\040Properties\040of\040compactness}{chapter.4}% 26
\BOOKMARK [2][-]{subsection.4.0.13}{0.13.\040Characterizations\040of\040compactness}{subsection.4.0.12}% 27
\BOOKMARK [0][-]{chapter.5}{Chapter\0405.\040Separation\040axioms}{}% 28
\BOOKMARK [1][-]{section.5.1}{1.\040Separation\040axioms}{chapter.5}% 29
\BOOKMARK [1][-]{section.5.2}{2.\040Metrization\040theorems}{chapter.5}% 30
\BOOKMARK [0][-]{chapter.6}{Chapter\0406.\040Function\040spaces}{}% 31
\BOOKMARK [1][-]{section.6.1}{1.\040Continuous\040function\040spaces}{chapter.6}% 32
\BOOKMARK [2][-]{subsection.6.1.1}{1.1.\040The\040Arzela-Ascoli\040theorem}{section.6.1}% 33
\BOOKMARK [2][-]{subsection.6.1.2}{1.2.\040The\040Stone-Weierstrass\040theorem}{section.6.1}% 34
