\BOOKMARK [0][-]{chapter.1}{Chapter 1. 함수}{}% 1
\BOOKMARK [1][-]{section.1.1}{1. 증가함수}{chapter.1}% 2
\BOOKMARK [1][-]{section.1.2}{2. 미분을 사용하지 않는 부등식}{chapter.1}% 3
\BOOKMARK [1][-]{section.1.3}{3. 접선}{chapter.1}% 4
\BOOKMARK [1][-]{section.1.4}{4. 볼록성}{chapter.1}% 5
\BOOKMARK [1][-]{section.1.5}{5. 지수함수와 로그함수}{chapter.1}% 6
\BOOKMARK [1][-]{section.1.6}{6. 평균값정리}{chapter.1}% 7
\BOOKMARK [0][-]{chapter.2}{Chapter 2. 수열}{}% 8
\BOOKMARK [1][-]{section.2.1}{1. 선형점화식}{chapter.2}% 9
\BOOKMARK [1][-]{section.2.2}{2. 스퀴즈정리}{chapter.2}% 10
\BOOKMARK [1][-]{section.2.3}{3. 고정점정리}{chapter.2}% 11
\BOOKMARK [1][-]{section.2.4}{4. 무한급수}{chapter.2}% 12
\BOOKMARK [1][-]{section.2.5}{5. 수렴속도와 발산속도}{chapter.2}% 13
\BOOKMARK [1][-]{section.2.6}{6. 가합성이론}{chapter.2}% 14
\BOOKMARK [0][-]{chapter.3}{Chapter 3. 삼각법}{}% 15
\BOOKMARK [1][-]{section.3.1}{1. 특수각의 활용}{chapter.3}% 16
\BOOKMARK [1][-]{section.3.2}{2. 복소평면과 복소지수}{chapter.3}% 17
\BOOKMARK [1][-]{section.3.3}{3. 삼각치환}{chapter.3}% 18
\BOOKMARK [1][-]{section.3.4}{4. 논증기하학의 삼각대칭식}{chapter.3}% 19
\BOOKMARK [1][-]{section.3.5}{5. 특수함수열}{chapter.3}% 20
\BOOKMARK [1][-]{section.3.6}{6. 직교성}{chapter.3}% 21
\BOOKMARK [1][-]{section.3.7}{7. 적분변환과 진동적분}{chapter.3}% 22
\BOOKMARK [0][-]{chapter.4}{Chapter 4. 적분}{}% 23
\BOOKMARK [1][-]{section.4.1}{1. 유리함수의 부정적분}{chapter.4}% 24
\BOOKMARK [1][-]{section.4.2}{2. 역함수}{chapter.4}% 25
\BOOKMARK [1][-]{section.4.3}{3. 삼각치환적분}{chapter.4}% 26
\BOOKMARK [1][-]{section.4.4}{4. 정적분의 수렴}{chapter.4}% 27
\BOOKMARK [1][-]{section.4.5}{5. 적분부등식}{chapter.4}% 28
