\BOOKMARK [0][-]{chapter*.1}{Preface}{}% 1
\BOOKMARK [0][-]{chapter.1}{Chapter\0401.\040Topological\040structures}{}% 2
\BOOKMARK [1][-]{section.1.1}{1.\040Metric}{chapter.1}% 3
\BOOKMARK [2][-]{subsection.1.1.1}{1.1.\040Metric\040spaces}{section.1.1}% 4
\BOOKMARK [2][-]{subsection.1.1.2}{1.2.\040Limits\040and\040continuity}{section.1.1}% 5
\BOOKMARK [2][-]{subsection.1.1.3}{1.3.\040Topological\040equivalence}{section.1.1}% 6
\BOOKMARK [3][-]{section*.2}{Topological\040equivalence\040of\040metrics}{subsection.1.1.3}% 7
\BOOKMARK [3][-]{section*.3}{Topological\040equivalence\040of\040norms}{subsection.1.1.3}% 8
\BOOKMARK [2][-]{subsection.1.1.4}{1.4.\040Family\040of\040pseudometrics}{section.1.1}% 9
\BOOKMARK [3][-]{section*.4}{Finite\040family\040of\040metrics}{subsection.1.1.4}% 10
\BOOKMARK [3][-]{section*.5}{Countable\040family\040of\040metrics}{subsection.1.1.4}% 11
\BOOKMARK [3][-]{section*.6}{Pseudometrics}{subsection.1.1.4}% 12
\BOOKMARK [2][-]{section*.7}{Exercises}{section.1.1}% 13
\BOOKMARK [2][-]{section*.8}{Problems}{section.1.1}% 14
\BOOKMARK [1][-]{section.1.2}{2.\040Topology}{chapter.1}% 15
\BOOKMARK [2][-]{subsection.1.2.1}{2.1.\040Filters}{section.1.2}% 16
\BOOKMARK [2][-]{subsection.1.2.2}{2.2.\040Topologies}{section.1.2}% 17
\BOOKMARK [2][-]{subsection.1.2.3}{2.3.\040Bases\040and\040subbases}{section.1.2}% 18
\BOOKMARK [2][-]{subsection.1.2.4}{2.4.\040Open\040sets\040and\040neighborhoods}{section.1.2}% 19
\BOOKMARK [2][-]{subsection.1.2.5}{2.5.\040Closed\040sets\040and\040limit\040points}{section.1.2}% 20
\BOOKMARK [2][-]{subsection.1.2.6}{2.6.\040Interior\040and\040closure}{section.1.2}% 21
\BOOKMARK [1][-]{section.1.3}{3.\040Uniformity}{chapter.1}% 22
\BOOKMARK [2][-]{subsection.1.3.1}{3.1.\040Uniform\040spaces}{section.1.3}% 23
\BOOKMARK [2][-]{subsection.1.3.2}{3.2.\040Entourages}{section.1.3}% 24
\BOOKMARK [2][-]{subsection.1.3.3}{3.3.\040Pseudometrics}{section.1.3}% 25
\BOOKMARK [0][-]{chapter.2}{Chapter\0402.\040Continuity}{}% 26
\BOOKMARK [1][-]{section.2.1}{1.\040Continuous\040functions}{chapter.2}% 27
\BOOKMARK [2][-]{subsection.2.1.1}{1.1.\040Various\040continuity}{section.2.1}% 28
\BOOKMARK [2][-]{subsection.2.1.2}{1.2.\040Sequential\040continuity}{section.2.1}% 29
\BOOKMARK [1][-]{section.2.2}{2.\040Continuous\040maps}{chapter.2}% 30
\BOOKMARK [2][-]{subsection.2.2.1}{2.1.\040Mono\040and\040epi}{section.2.2}% 31
\BOOKMARK [2][-]{subsection.2.2.2}{2.2.\040Subspaces\040and\040quotient\040spaces}{section.2.2}% 32
\BOOKMARK [2][-]{subsection.2.2.3}{2.3.\040Product\040space}{section.2.2}% 33
\BOOKMARK [2][-]{subsection.2.2.4}{2.4.\040Homeomorphisms}{section.2.2}% 34
\BOOKMARK [1][-]{section.2.3}{3.\040Connectedness}{chapter.2}% 35
\BOOKMARK [2][-]{subsection.2.3.1}{3.1.\040Connected\040spaces}{section.2.3}% 36
\BOOKMARK [2][-]{subsection.2.3.2}{3.2.\040Path\040connected\040spaces}{section.2.3}% 37
\BOOKMARK [2][-]{subsection.2.3.3}{3.3.\040Locally\040connected\040spaces}{section.2.3}% 38
\BOOKMARK [2][-]{subsection.2.3.4}{3.4.\040Homotopy}{section.2.3}% 39
\BOOKMARK [0][-]{chapter.3}{Chapter\0403.\040Convergence}{}% 40
\BOOKMARK [1][-]{section.3.1}{1.\040Nets}{chapter.3}% 41
\BOOKMARK [1][-]{section.3.2}{2.\040Sequences}{chapter.3}% 42
\BOOKMARK [1][-]{section.3.3}{3.\040Completeness}{chapter.3}% 43
\BOOKMARK [0][-]{chapter.4}{Chapter\0404.\040Compactness}{}% 44
\BOOKMARK [1][-]{subsection.4.0.1}{0.1.\040Properties\040of\040compactness}{chapter.4}% 45
\BOOKMARK [2][-]{subsection.4.0.2}{0.2.\040Characterizations\040of\040compactness}{subsection.4.0.1}% 46
\BOOKMARK [0][-]{chapter.5}{Chapter\0405.\040Separation\040axioms}{}% 47
\BOOKMARK [1][-]{section.5.1}{1.\040Separation\040axioms}{chapter.5}% 48
\BOOKMARK [1][-]{section.5.2}{2.\040Metrization\040theorems}{chapter.5}% 49
\BOOKMARK [0][-]{chapter.6}{Chapter\0406.\040Function\040spaces}{}% 50
\BOOKMARK [1][-]{section.6.1}{1.\040Compact-open\040topology}{chapter.6}% 51
\BOOKMARK [2][-]{subsection.6.1.1}{1.1.\040Definition}{section.6.1}% 52
\BOOKMARK [2][-]{subsection.6.1.2}{1.2.\040Compact\040convergence}{section.6.1}% 53
\BOOKMARK [2][-]{subsection.6.1.3}{1.3.\040Exponentiability}{section.6.1}% 54
\BOOKMARK [1][-]{section.6.2}{2.\040Rings\040of\040continuous\040functions}{chapter.6}% 55
\BOOKMARK [2][-]{subsection.6.2.1}{2.1.\040C\(X\),\040C0\(X\),\040Cb\(X\)}{section.6.2}% 56
\BOOKMARK [1][-]{section.6.3}{3.\040Important\040theorems\040on\040function\040space}{chapter.6}% 57
\BOOKMARK [2][-]{subsection.6.3.1}{3.1.\040The\040Arzela-Ascoli\040theorem}{section.6.3}% 58
\BOOKMARK [2][-]{subsection.6.3.2}{3.2.\040The\040Stone-Weierstrass\040theorem}{section.6.3}% 59
